[Licensing::Module] Trying to connect to existing licensing client channel...
Built from '6000.0/staging' branch; Version is '6000.0.62f1 (f99f05b3e950) revision 16359173'; Using compiler version '193933523'; Build Type 'Release'
OS: 'Windows 11  (10.0.26200) 64bit Enterprise' Language: 'en' Physical Memory: 16016 MB
BatchMode: 1, IsHumanControllingUs: 0, StartBugReporterOnCrash: 0, Is64bit: 1
[Licensing::IpcConnector] Successfully connected to: "LicenseClient-20231351" at "2026-02-09T00:02:09.5605948Z"
Date: 2026-02-09T00:02:09Z

COMMAND LINE ARGUMENTS:
C:\Program Files\Unity\Hub\Editor\6000.0.62f1\Editor\Unity.exe
-adb2
-batchMode
-noUpm
-name
AssetImportWorker15
-projectPath
C:/Users/20231351/My project
-logFile
Logs/AssetImportWorker15.log
-srvPort
50674
-job-worker-count
9
-background-job-worker-count
8
-gc-helper-count
1
-name
AssetImport
Successfully changed project path to: C:/Users/20231351/My project
C:/Users/20231351/My project
[UnityMemory] Configuration Parameters - Can be set up in boot.config
    "memorysetup-bucket-allocator-granularity=16"
    "memorysetup-bucket-allocator-bucket-count=8"
    "memorysetup-bucket-allocator-block-size=33554432"
    "memorysetup-bucket-allocator-block-count=8"
    "memorysetup-main-allocator-block-size=16777216"
    "memorysetup-thread-allocator-block-size=16777216"
    "memorysetup-gfx-main-allocator-block-size=16777216"
    "memorysetup-gfx-thread-allocator-block-size=16777216"
    "memorysetup-cache-allocator-block-size=4194304"
    "memorysetup-typetree-allocator-block-size=2097152"
    "memorysetup-profiler-bucket-allocator-granularity=16"
    "memorysetup-profiler-bucket-allocator-bucket-count=8"
    "memorysetup-profiler-bucket-allocator-block-size=33554432"
    "memorysetup-profiler-bucket-allocator-block-count=8"
    "memorysetup-profiler-allocator-block-size=16777216"
    "memorysetup-profiler-editor-allocator-block-size=1048576"
    "memorysetup-temp-allocator-size-main=16777216"
    "memorysetup-job-temp-allocator-block-size=2097152"
    "memorysetup-job-temp-allocator-block-size-background=1048576"
    "memorysetup-job-temp-allocator-reduction-small-platforms=262144"
    "memorysetup-allocator-temp-initial-block-size-main=262144"
    "memorysetup-allocator-temp-initial-block-size-worker=262144"
    "memorysetup-temp-allocator-size-background-worker=32768"
    "memorysetup-temp-allocator-size-job-worker=262144"
    "memorysetup-temp-allocator-size-preload-manager=33554432"
    "memorysetup-temp-allocator-size-nav-mesh-worker=65536"
    "memorysetup-temp-allocator-size-audio-worker=65536"
    "memorysetup-temp-allocator-size-cloud-worker=32768"
    "memorysetup-temp-allocator-size-gi-baking-worker=262144"
    "memorysetup-temp-allocator-size-gi-baking-worker=262144"
    "memorysetup-temp-allocator-size-gi-baking-worker=262144"
    "memorysetup-temp-allocator-size-gi-baking-worker=262144"
    "memorysetup-temp-allocator-size-gi-baking-worker=262144"
    "memorysetup-temp-allocator-size-gfx=262144"
Player connection [25164]  Target information:

Player connection [25164]  * "[IP] 192.168.56.1 [Port] 0 [Flags] 2 [Guid] 766550384 [EditorId] 766550384 [Version] 1048832 [Id] WindowsEditor(7,S20231351) [Debug] 1 [PackageName] WindowsEditor [ProjectName] Editor" 

Player connection [25164]  * "[IP] 192.168.1.36 [Port] 0 [Flags] 2 [Guid] 766550384 [EditorId] 766550384 [Version] 1048832 [Id] WindowsEditor(7,S20231351) [Debug] 1 [PackageName] WindowsEditor [ProjectName] Editor" 

Player connection [25164] Host joined multi-casting on [225.0.0.222:54997]...
Player connection [25164] Host joined alternative multi-casting on [225.0.0.222:34997]...
JobSystem: Creating JobQueue using job-worker-count value 9
Input System module state changed to: Initialized.
[Physics::Module] Initialized fallback backend.
[Physics::Module] Id: 0xdecafbad
[Licensing::Client] Code 10 while verifying Licensing Client signature (process Id: 5072, path: "C:/Program Files/Unity Hub/UnityLicensingClient_V1/Unity.Licensing.Client.exe")
[Licensing::Module] LicensingClient has failed validation; ignoring
[Licensing::Client] Handshaking with LicensingClient:
  Version:                 1.17.3+a4e98f1
  Session Id:              c51047ff564c43b7b092ae8023787ab6
  Correlation Id:          5eeabede7029114c3f54ba53854b34c1
  External correlation Id: 5960222433146651309
  Machine Id:              k/RkFSMiVZ8SHQr4NiN/DINruWw=
[Licensing::Module] Successfully connected to LicensingClient on channel: "LicenseClient-20231351" (connect: 0.00s, validation: 0.00s, handshake: 0.05s)
[Licensing::IpcConnector] Successfully connected to: "LicenseClient-20231351-notifications" at "2026-02-09T00:02:09.6120677Z"
[Licensing::Module] Licensing Background thread has ended after 0.05s
Library Redirect Path: Library/
[Physics::Module] Selected backend.
[Physics::Module] Name: PhysX
[Physics::Module] Id: 0xf2b8ea05
[Physics::Module] SDK Version: 4.1.2
[Physics::Module] Integration Version: 1.0.0
[Physics::Module] Threading Mode: Multi-Threaded
Refreshing native plugins compatible for Editor in 1.22 ms, found 3 plugins.
Preloading 0 native plugins for Editor in 0.00 ms.
Initialize engine version: 6000.0.62f1 (f99f05b3e950)
[Subsystems] Discovering subsystems at path C:/Program Files/Unity/Hub/Editor/6000.0.62f1/Editor/Data/Resources/UnitySubsystems
[Subsystems] Discovering subsystems at path C:/Users/20231351/My project/Assets
GfxDevice: creating device client; kGfxThreadingModeNonThreaded
Direct3D:
    Version:  Direct3D 11.0 [level 11.1]
    Renderer: NVIDIA RTX A1000 Laptop GPU (ID=0x25b9)
    Vendor:   NVIDIA
    VRAM:     3965 MB
    Driver:   32.0.15.7371
Initialize mono
Mono path[0] = 'C:/Program Files/Unity/Hub/Editor/6000.0.62f1/Editor/Data/Managed'
Mono path[1] = 'C:/Program Files/Unity/Hub/Editor/6000.0.62f1/Editor/Data/MonoBleedingEdge/lib/mono/unityjit-win32'
Mono config path = 'C:/Program Files/Unity/Hub/Editor/6000.0.62f1/Editor/Data/MonoBleedingEdge/etc'
Using monoOptions --debugger-agent=transport=dt_socket,embedding=1,server=y,suspend=n,address=127.0.0.1:56648
Begin MonoManager ReloadAssembly
Registering precompiled unity dll's ...
Register platform support module: C:/Program Files/Unity/Hub/Editor/6000.0.62f1/Editor/Data/PlaybackEngines/WindowsStandaloneSupport/UnityEditor.WindowsStandalone.Extensions.dll
[Licensing::Client] Successfully resolved entitlement details
[Licensing::Module] License group:
  Id: F4-YPMS-6VTS-JXCZ-TMR6-XXXX
  Product: Unity Personal
  Type: ULF
  Expiration: Unlimited
[Licensing::Module] License group:
  Id: 9071141991980-UnityPersXXXX
  Product: Unity Personal
  Type: Assigned
  Expiration: Unlimited
Register platform support module: C:/Program Files/Unity/Hub/Editor/6000.0.62f1/Editor/Data/PlaybackEngines/AndroidPlayer/UnityEditor.Android.Extensions.dll
Registered in 0.009441 seconds.
- Loaded All Assemblies, in  0.421 seconds
Native extension for Android target not found
Native extension for WindowsStandalone target not found
Mono: successfully reloaded assembly
- Finished resetting the current domain, in  0.434 seconds
Domain Reload Profiling: 851ms
	BeginReloadAssembly (130ms)
		ExecutionOrderSort (0ms)
		DisableScriptedObjects (0ms)
		BackupInstance (0ms)
		ReleaseScriptingObjects (0ms)
		CreateAndSetChildDomain (1ms)
	RebuildCommonClasses (35ms)
	RebuildNativeTypeToScriptingClass (12ms)
	initialDomainReloadingComplete (58ms)
	LoadAllAssembliesAndSetupDomain (181ms)
		LoadAssemblies (127ms)
		RebuildTransferFunctionScriptingTraits (0ms)
		AnalyzeDomain (177ms)
			TypeCache.Refresh (175ms)
				TypeCache.ScanAssembly (158ms)
			BuildScriptInfoCaches (0ms)
			ResolveRequiredComponents (1ms)
	FinalizeReload (435ms)
		ReleaseScriptCaches (0ms)
		RebuildScriptCaches (0ms)
		SetupLoadedEditorAssemblies (384ms)
			LogAssemblyErrors (0ms)
			InitializePlatformSupportModulesInManaged (86ms)
			SetLoadedEditorAssemblies (5ms)
			BeforeProcessingInitializeOnLoad (74ms)
			ProcessInitializeOnLoadAttributes (154ms)
			ProcessInitializeOnLoadMethodAttributes (66ms)
			AfterProcessingInitializeOnLoad (0ms)
			EditorAssembliesLoaded (0ms)
		ExecutionOrderSort2 (0ms)
		AwakeInstancesAfterBackupRestoration (0ms)
========================================================================
Worker process is ready to serve import requests
Import Worker Mode flag is 0x00
Begin MonoManager ReloadAssembly
[Licensing::Client] Successfully resolved entitlement details
[Licensing::Module] License group:
  Id: F4-YPMS-6VTS-JXCZ-TMR6-XXXX
  Product: Unity Personal
  Type: ULF
  Expiration: Unlimited
[Licensing::Module] License group:
  Id: 9071141991980-UnityPersXXXX
  Product: Unity Personal
  Type: Assigned
  Expiration: Unlimited
- Loaded All Assemblies, in  0.881 seconds
Refreshing native plugins compatible for Editor in 2.03 ms, found 3 plugins.
Native extension for Android target not found
Native extension for WindowsStandalone target not found
Package Manager log level set to [2]
[Package Manager] Failed to launch server process. Reason: Unity was launched with the -noUpm command-line argument
[Package Manager] Unable to send message (not connected to server process).
[Package Manager] Cannot connect to Unity Package Manager local server
Mono: successfully reloaded assembly
- Finished resetting the current domain, in  0.844 seconds
Domain Reload Profiling: 1720ms
	BeginReloadAssembly (210ms)
		ExecutionOrderSort (0ms)
		DisableScriptedObjects (5ms)
		BackupInstance (0ms)
		ReleaseScriptingObjects (0ms)
		CreateAndSetChildDomain (39ms)
	RebuildCommonClasses (38ms)
	RebuildNativeTypeToScriptingClass (13ms)
	initialDomainReloadingComplete (45ms)
	LoadAllAssembliesAndSetupDomain (570ms)
		LoadAssemblies (419ms)
		RebuildTransferFunctionScriptingTraits (0ms)
		AnalyzeDomain (262ms)
			TypeCache.Refresh (195ms)
				TypeCache.ScanAssembly (175ms)
			BuildScriptInfoCaches (51ms)
			ResolveRequiredComponents (12ms)
	FinalizeReload (844ms)
		ReleaseScriptCaches (0ms)
		RebuildScriptCaches (0ms)
		SetupLoadedEditorAssemblies (598ms)
			LogAssemblyErrors (0ms)
			InitializePlatformSupportModulesInManaged (15ms)
			SetLoadedEditorAssemblies (6ms)
			BeforeProcessingInitializeOnLoad (145ms)
			ProcessInitializeOnLoadAttributes (374ms)
			ProcessInitializeOnLoadMethodAttributes (51ms)
			AfterProcessingInitializeOnLoad (8ms)
			EditorAssembliesLoaded (0ms)
		ExecutionOrderSort2 (0ms)
		AwakeInstancesAfterBackupRestoration (8ms)
Launched and connected shader compiler UnityShaderCompiler.exe after 0.01 seconds
Refreshing native plugins compatible for Editor in 1.46 ms, found 3 plugins.
Preloading 0 native plugins for Editor in 0.00 ms.
Unloading 13 Unused Serialized files (Serialized files now loaded: 0)
Unloading 6113 unused Assets / (6.0 MB). Loaded Objects now: 6818.
Memory consumption went from 134.3 MB to 128.3 MB.
Total: 19.048600 ms (FindLiveObjects: 2.333300 ms CreateObjectMapping: 1.470700 ms MarkObjects: 8.481300 ms  DeleteObjects: 6.760800 ms)

========================================================================
Received Import Request.
  Time since last request: 30444.950859 seconds.
  path: Assets/Breakable Containers/Items/Normal/Clay Jar/Textures
  artifactKey: Guid(f27563c155c4bd5459235456f9c6bcac) Importer(2089858483,192608db42251d675da83286b1cce702)
Start importing Assets/Breakable Containers/Items/Normal/Clay Jar/Textures using Guid(f27563c155c4bd5459235456f9c6bcac) Importer(2089858483,192608db42251d675da83286b1cce702) (ScriptedImporter) -> (artifact id: 'd9cd43c8d93b013b4934404951fb309a') in 0.2813503 seconds
Number of updated asset objects reloaded before import = 0Number of asset objects unloaded after import = 1

========================================================================
Received Import Request.
  Time since last request: 0.000030 seconds.
  path: Assets/Breakable Containers/Items/Cracked/Clay Vase Tall Cracked/Textures
  artifactKey: Guid(9c7ae6f61ac2cb64593aa68da1f916fd) Importer(2089858483,192608db42251d675da83286b1cce702)
Start importing Assets/Breakable Containers/Items/Cracked/Clay Vase Tall Cracked/Textures using Guid(9c7ae6f61ac2cb64593aa68da1f916fd) Importer(2089858483,192608db42251d675da83286b1cce702) (ScriptedImporter) -> (artifact id: '4a67adc5b5f7b1b7e5c7b846d48b3fcb') in 0.0095277 seconds
Number of updated asset objects reloaded before import = 0Number of asset objects unloaded after import = 1

========================================================================
Received Import Request.
  Time since last request: 0.000048 seconds.
  path: Assets/Breakable Containers/Items/Cracked/Vase Cracked/Meshes/Vase Cracked.fbx
  artifactKey: Guid(f609624c55a24b344a8db9ba69c95a2f) Importer(2089858483,192608db42251d675da83286b1cce702)
Start importing Assets/Breakable Containers/Items/Cracked/Vase Cracked/Meshes/Vase Cracked.fbx using Guid(f609624c55a24b344a8db9ba69c95a2f) Importer(2089858483,192608db42251d675da83286b1cce702) (ScriptedImporter) -> (artifact id: 'f134591d7d9cf62efb1cd60d9302967e') in 0.1939888 seconds
Number of updated asset objects reloaded before import = 0Number of asset objects unloaded after import = 50

========================================================================
Received Import Request.
  Time since last request: 0.000017 seconds.
  path: Assets/Breakable Containers/Prefabs/Cracked/Clay Vase Cubic Cracked.prefab
  artifactKey: Guid(9e7e65da596bc3148adef0f7d7ab3c82) Importer(2089858483,192608db42251d675da83286b1cce702)
Start importing Assets/Breakable Containers/Prefabs/Cracked/Clay Vase Cubic Cracked.prefab using Guid(9e7e65da596bc3148adef0f7d7ab3c82) Importer(2089858483,192608db42251d675da83286b1cce702) (ScriptedImporter) -> (artifact id: '38944595684ac7ceb5b4427a1ff37ed4') in 0.010721 seconds
Number of updated asset objects reloaded before import = 0Number of asset objects unloaded after import = 107

========================================================================
Received Import Request.
  Time since last request: 0.000059 seconds.
  path: Assets/Breakable Containers/Items/Cracked/Vase_WhiteBrown Cracked/Textures/Vase_WhiteBrown Cracked_CauldronSmall_Body_PBR_Normal.png
  artifactKey: Guid(0207d95f533b5cd4e954f6318d22d617) Importer(2089858483,192608db42251d675da83286b1cce702)
Start importing Assets/Breakable Containers/Items/Cracked/Vase_WhiteBrown Cracked/Textures/Vase_WhiteBrown Cracked_CauldronSmall_Body_PBR_Normal.png using Guid(0207d95f533b5cd4e954f6318d22d617) Importer(2089858483,192608db42251d675da83286b1cce702) (ScriptedImporter) -> (artifact id: '22474011ad484eef9f5f160e34dd6e6d') in 0.0425538 seconds
Number of updated asset objects reloaded before import = 0Number of asset objects unloaded after import = 1

========================================================================
Received Import Request.
  Time since last request: 0.000022 seconds.
  path: Assets/Breakable Containers/Items/Cracked/Jar_BrownPurple Cracked/Materials
  artifactKey: Guid(b7c83845098744a45bed849b74c12c74) Importer(2089858483,192608db42251d675da83286b1cce702)
Start importing Assets/Breakable Containers/Items/Cracked/Jar_BrownPurple Cracked/Materials using Guid(b7c83845098744a45bed849b74c12c74) Importer(2089858483,192608db42251d675da83286b1cce702) (ScriptedImporter) -> (artifact id: '281321d9e6f88b17840ca000e6fefd6d') in 0.0037091 seconds
Number of updated asset objects reloaded before import = 0Number of asset objects unloaded after import = 1

========================================================================
Received Import Request.
  Time since last request: 0.000019 seconds.
  path: Assets/Breakable Containers/Items/Normal/Vase_WhiteBrown/Materials
  artifactKey: Guid(9a00fc46e176c0d4a98f61f47d9142d0) Importer(2089858483,192608db42251d675da83286b1cce702)
Start importing Assets/Breakable Containers/Items/Normal/Vase_WhiteBrown/Materials using Guid(9a00fc46e176c0d4a98f61f47d9142d0) Importer(2089858483,192608db42251d675da83286b1cce702) (ScriptedImporter) -> (artifact id: '63f6ee232d80f4ff9a2540e9f2a7508e') in 0.004184 seconds
Number of updated asset objects reloaded before import = 0Number of asset objects unloaded after import = 1

========================================================================
Received Import Request.
  Time since last request: 0.000022 seconds.
  path: Assets/Breakable Containers/Items/Cracked/Flower Pot Cracked/Meshes/Flower Pot Cracked.fbx
  artifactKey: Guid(f49493ea00a44914b9675852037e08dc) Importer(2089858483,192608db42251d675da83286b1cce702)
Start importing Assets/Breakable Containers/Items/Cracked/Flower Pot Cracked/Meshes/Flower Pot Cracked.fbx using Guid(f49493ea00a44914b9675852037e08dc) Importer(2089858483,192608db42251d675da83286b1cce702) (ScriptedImporter) -> (artifact id: '183d8f748e5576bb0c3e4210f428fad6') in 0.0162689 seconds
Number of updated asset objects reloaded before import = 0Number of asset objects unloaded after import = 45

========================================================================
Received Import Request.
  Time since last request: 0.000025 seconds.
  path: Assets/Breakable Containers/Items/Normal/Clay Vase
  artifactKey: Guid(8cb2d4e3b4c002c4683261c466118ef8) Importer(2089858483,192608db42251d675da83286b1cce702)
Start importing Assets/Breakable Containers/Items/Normal/Clay Vase using Guid(8cb2d4e3b4c002c4683261c466118ef8) Importer(2089858483,192608db42251d675da83286b1cce702) (ScriptedImporter) -> (artifact id: 'c6e8764063bbaaa698642bcd45189e2e') in 0.0046023 seconds
Number of updated asset objects reloaded before import = 0Number of asset objects unloaded after import = 1

========================================================================
Received Import Request.
  Time since last request: 0.000020 seconds.
  path: Assets/Breakable Containers/Items/Normal/Clay Jar/Materials/Clay Jar_mat.mat
  artifactKey: Guid(1e4725a2c90907b48aeeedee2cd9ae8d) Importer(2089858483,192608db42251d675da83286b1cce702)
Start importing Assets/Breakable Containers/Items/Normal/Clay Jar/Materials/Clay Jar_mat.mat using Guid(1e4725a2c90907b48aeeedee2cd9ae8d) Importer(2089858483,192608db42251d675da83286b1cce702) (ScriptedImporter) -> (artifact id: '4c522d82788053dbd8ffb521d92aa7d0') in 0.0122943 seconds
Number of updated asset objects reloaded before import = 0Number of asset objects unloaded after import = 4

========================================================================
Received Import Request.
  Time since last request: 0.000013 seconds.
  path: Assets/Breakable Containers/Items/Normal/Jar_BlueRed/Textures/Jar_BlueRed_Roughness.png
  artifactKey: Guid(c61c5e0c3cb47b64eb672596a94181a4) Importer(2089858483,192608db42251d675da83286b1cce702)
Start importing Assets/Breakable Containers/Items/Normal/Jar_BlueRed/Textures/Jar_BlueRed_Roughness.png using Guid(c61c5e0c3cb47b64eb672596a94181a4) Importer(2089858483,192608db42251d675da83286b1cce702) (ScriptedImporter) -> (artifact id: 'b297a4008eaf299dd7541eb1b2cd3165') in 0.0105973 seconds
Number of updated asset objects reloaded before import = 0Number of asset objects unloaded after import = 1

========================================================================
Received Import Request.
  Time since last request: 0.000014 seconds.
  path: Assets/Breakable Containers/Items/Cracked/Vase_WhiteBrown Cracked
  artifactKey: Guid(b344e568343fef046982611876ad9c23) Importer(2089858483,192608db42251d675da83286b1cce702)
Start importing Assets/Breakable Containers/Items/Cracked/Vase_WhiteBrown Cracked using Guid(b344e568343fef046982611876ad9c23) Importer(2089858483,192608db42251d675da83286b1cce702) (ScriptedImporter) -> (artifact id: '11154391797a1b3f4f397e0f546e3c74') in 0.0040612 seconds
Number of updated asset objects reloaded before import = 0Number of asset objects unloaded after import = 1

========================================================================
Received Import Request.
  Time since last request: 0.000016 seconds.
  path: Assets/Breakable Containers/Items/Normal/Clay Vase Cubic
  artifactKey: Guid(13ac952d528aff84b81d362aec8cc23d) Importer(2089858483,192608db42251d675da83286b1cce702)
Start importing Assets/Breakable Containers/Items/Normal/Clay Vase Cubic using Guid(13ac952d528aff84b81d362aec8cc23d) Importer(2089858483,192608db42251d675da83286b1cce702) (ScriptedImporter) -> (artifact id: '7c0e35b1a0ea42cbb13410cdf29264d1') in 0.0036936 seconds
Number of updated asset objects reloaded before import = 0Number of asset objects unloaded after import = 1

========================================================================
Received Import Request.
  Time since last request: 0.000025 seconds.
  path: Assets/Breakable Containers/Items/Cracked/Jar_BlueRed Cracked/Textures/Jar_BlueRed_Diffuse.png
  artifactKey: Guid(9c2225dd4f57db049ba774b246c7a95e) Importer(2089858483,192608db42251d675da83286b1cce702)
Start importing Assets/Breakable Containers/Items/Cracked/Jar_BlueRed Cracked/Textures/Jar_BlueRed_Diffuse.png using Guid(9c2225dd4f57db049ba774b246c7a95e) Importer(2089858483,192608db42251d675da83286b1cce702) (ScriptedImporter) -> (artifact id: '7a9510e6be8bf6ee30d415896af06c6b') in 0.0112888 seconds
Number of updated asset objects reloaded before import = 0Number of asset objects unloaded after import = 1

========================================================================
Received Import Request.
  Time since last request: 0.000016 seconds.
  path: Assets/Breakable Containers/Items/Cracked/Clay Jar Cracked
  artifactKey: Guid(a69f1f88cd4edd74293d39f6f450ba7e) Importer(2089858483,192608db42251d675da83286b1cce702)
Start importing Assets/Breakable Containers/Items/Cracked/Clay Jar Cracked using Guid(a69f1f88cd4edd74293d39f6f450ba7e) Importer(2089858483,192608db42251d675da83286b1cce702) (ScriptedImporter) -> (artifact id: 'af0ef3919c545e7d5a874834eb696d15') in 0.0038401 seconds
Number of updated asset objects reloaded before import = 0Number of asset objects unloaded after import = 1

========================================================================
Received Import Request.
  Time since last request: 0.000019 seconds.
  path: Assets/Breakable Containers/Items/Cracked/Clay vase Cracked/Meshes/Clay Vase Cracked.fbx
  artifactKey: Guid(5eb97943ddf35904a8d1f7082714f9dd) Importer(2089858483,192608db42251d675da83286b1cce702)
Start importing Assets/Breakable Containers/Items/Cracked/Clay vase Cracked/Meshes/Clay Vase Cracked.fbx using Guid(5eb97943ddf35904a8d1f7082714f9dd) Importer(2089858483,192608db42251d675da83286b1cce702) (ScriptedImporter) -> (artifact id: 'beaaffbc2802041d4bc4fa81e6132e62') in 0.0159995 seconds
Number of updated asset objects reloaded before import = 0Number of asset objects unloaded after import = 45

========================================================================
Received Import Request.
  Time since last request: 0.000016 seconds.
  path: Assets/Breakable Containers/Items/Cracked/Vase Cracked/Materials/Vase Cracked_mat.mat
  artifactKey: Guid(16830497d852247458358abab85582e5) Importer(2089858483,192608db42251d675da83286b1cce702)
Start importing Assets/Breakable Containers/Items/Cracked/Vase Cracked/Materials/Vase Cracked_mat.mat using Guid(16830497d852247458358abab85582e5) Importer(2089858483,192608db42251d675da83286b1cce702) (ScriptedImporter) -> (artifact id: 'a8ec5c7816307c95cd3d4a971d436025') in 0.0101842 seconds
Number of updated asset objects reloaded before import = 0Number of asset objects unloaded after import = 4

========================================================================
Received Import Request.
  Time since last request: 0.000023 seconds.
  path: Assets/Breakable Containers/Items/Cracked/Clay Jar Cracked/Materials/Clay Jar_c01-c08_mat.mat
  artifactKey: Guid(c894de2a1f2614448baf320f8d35080c) Importer(2089858483,192608db42251d675da83286b1cce702)
Start importing Assets/Breakable Containers/Items/Cracked/Clay Jar Cracked/Materials/Clay Jar_c01-c08_mat.mat using Guid(c894de2a1f2614448baf320f8d35080c) Importer(2089858483,192608db42251d675da83286b1cce702) (ScriptedImporter) -> (artifact id: '1d70144a8aaf0fd536827c11a71218dc') in 0.0130554 seconds
Number of updated asset objects reloaded before import = 0Number of asset objects unloaded after import = 4

========================================================================
Received Import Request.
  Time since last request: 0.000025 seconds.
  path: Assets/Breakable Containers/Items/Cracked/Clay Vase Cubic Cracked/Meshes
  artifactKey: Guid(9c21e2d006214fc4f9d23f0ee464e8b0) Importer(2089858483,192608db42251d675da83286b1cce702)
Start importing Assets/Breakable Containers/Items/Cracked/Clay Vase Cubic Cracked/Meshes using Guid(9c21e2d006214fc4f9d23f0ee464e8b0) Importer(2089858483,192608db42251d675da83286b1cce702) (ScriptedImporter) -> (artifact id: '001187eb616a6533314d68698c890405') in 0.003661 seconds
Number of updated asset objects reloaded before import = 0Number of asset objects unloaded after import = 1

========================================================================
Received Prepare
Begin MonoManager ReloadAssembly
- Loaded All Assemblies, in  0.735 seconds
Refreshing native plugins compatible for Editor in 0.72 ms, found 3 plugins.
Native extension for Android target not found
Native extension for WindowsStandalone target not found
[Package Manager] Failed to launch server process. Reason: Unity was launched with the -noUpm command-line argument
[Package Manager] Unable to send message (not connected to server process).
[Package Manager] Cannot connect to Unity Package Manager local server
Mono: successfully reloaded assembly
- Finished resetting the current domain, in  0.748 seconds
Domain Reload Profiling: 1482ms
	BeginReloadAssembly (218ms)
		ExecutionOrderSort (0ms)
		DisableScriptedObjects (6ms)
		BackupInstance (0ms)
		ReleaseScriptingObjects (0ms)
		CreateAndSetChildDomain (57ms)
	RebuildCommonClasses (33ms)
	RebuildNativeTypeToScriptingClass (12ms)
	initialDomainReloadingComplete (29ms)
	LoadAllAssembliesAndSetupDomain (442ms)
		LoadAssemblies (365ms)
		RebuildTransferFunctionScriptingTraits (0ms)
		AnalyzeDomain (176ms)
			TypeCache.Refresh (15ms)
				TypeCache.ScanAssembly (1ms)
			BuildScriptInfoCaches (147ms)
			ResolveRequiredComponents (10ms)
	FinalizeReload (748ms)
		ReleaseScriptCaches (0ms)
		RebuildScriptCaches (0ms)
		SetupLoadedEditorAssemblies (584ms)
			LogAssemblyErrors (0ms)
			InitializePlatformSupportModulesInManaged (13ms)
			SetLoadedEditorAssemblies (6ms)
			BeforeProcessingInitializeOnLoad (157ms)
			ProcessInitializeOnLoadAttributes (345ms)
			ProcessInitializeOnLoadMethodAttributes (56ms)
			AfterProcessingInitializeOnLoad (8ms)
			EditorAssembliesLoaded (0ms)
		ExecutionOrderSort2 (0ms)
		AwakeInstancesAfterBackupRestoration (15ms)
Refreshing native plugins compatible for Editor in 1.56 ms, found 3 plugins.
Preloading 0 native plugins for Editor in 0.00 ms.
Unloading 13 Unused Serialized files (Serialized files now loaded: 0)
Unloading 6121 unused Assets / (5.3 MB). Loaded Objects now: 6839.
Memory consumption went from 145.5 MB to 140.1 MB.
Total: 13.495400 ms (FindLiveObjects: 0.825600 ms CreateObjectMapping: 1.120600 ms MarkObjects: 6.683700 ms  DeleteObjects: 4.863300 ms)

Prepare: number of updated asset objects reloaded= 0
========================================================================
Received Import Request.
  Time since last request: 28.379439 seconds.
  path: Assets/Yuetility-Studios/YueDestructible
  artifactKey: Guid(af52482054089f04a9c1e170aadcda25) Importer(815301076,1909f56bfc062723c751e8b465ee728b)
Start importing Assets/Yuetility-Studios/YueDestructible using Guid(af52482054089f04a9c1e170aadcda25) Importer(815301076,1909f56bfc062723c751e8b465ee728b) (PreviewImporter) -> (artifact id: 'a87dc6d40404a86beee8993a9a29a867') in 0.0092431 seconds
Number of updated asset objects reloaded before import = 0Number of asset objects unloaded after import = 0

========================================================================
Received Import Request.
  Time since last request: 1.678254 seconds.
  path: Assets/Yuetility-Studios/YueDestructible/Prefabs
  artifactKey: Guid(a687e082e8cddc54ea0aefde41db9820) Importer(815301076,1909f56bfc062723c751e8b465ee728b)
Start importing Assets/Yuetility-Studios/YueDestructible/Prefabs using Guid(a687e082e8cddc54ea0aefde41db9820) Importer(815301076,1909f56bfc062723c751e8b465ee728b) (PreviewImporter) -> (artifact id: 'dbb27e5ed48b6416afe50288209df3a6') in 0.0007297 seconds
Number of updated asset objects reloaded before import = 0Number of asset objects unloaded after import = 0

========================================================================
Received Import Request.
  Time since last request: 0.193644 seconds.
  path: Assets/Yuetility-Studios/YueDestructible/Prefabs/Bottle.prefab
  artifactKey: Guid(a534c66d8a385834c99b46e1c8b19897) Importer(815301076,1909f56bfc062723c751e8b465ee728b)
Start importing Assets/Yuetility-Studios/YueDestructible/Prefabs/Bottle.prefab using Guid(a534c66d8a385834c99b46e1c8b19897) Importer(815301076,1909f56bfc062723c751e8b465ee728b) (PreviewImporter) -> (artifact id: 'a999f3ac713fcefe50c3b52ad30e9265') in 0.5506867 seconds
Number of updated asset objects reloaded before import = 0Number of asset objects unloaded after import = 119

========================================================================
Received Import Request.
  Time since last request: 12.502981 seconds.
  path: Assets/Yuetility-Studios/YueDestructible/Prefabs/Bottle.prefab
  artifactKey: Guid(a534c66d8a385834c99b46e1c8b19897) Importer(815301076,1909f56bfc062723c751e8b465ee728b)
Start importing Assets/Yuetility-Studios/YueDestructible/Prefabs/Bottle.prefab using Guid(a534c66d8a385834c99b46e1c8b19897) Importer(815301076,1909f56bfc062723c751e8b465ee728b) (PreviewImporter) -> (artifact id: '0ce285241140f4bf56bb98e166bcbdaa') in 0.0884809 seconds
Number of updated asset objects reloaded before import = 0Number of asset objects unloaded after import = 119

========================================================================
Received Prepare
Begin MonoManager ReloadAssembly
[Licensing::Client] Successfully resolved entitlement details
[Licensing::Module] License group:
  Id: F4-YPMS-6VTS-JXCZ-TMR6-XXXX
  Product: Unity Personal
  Type: ULF
  Expiration: Unlimited
[Licensing::Module] License group:
  Id: 9071141991980-UnityPersXXXX
  Product: Unity Personal
  Type: Assigned
  Expiration: Unlimited
- Loaded All Assemblies, in  0.729 seconds
Refreshing native plugins compatible for Editor in 0.70 ms, found 3 plugins.
Assertion failed on expression: 'pred(*previous, *i)'
Assertion failed on expression: 'pred(*previous, *i)'
Native extension for Android target not found
Native extension for WindowsStandalone target not found
[Package Manager] Failed to launch server process. Reason: Unity was launched with the -noUpm command-line argument
[Package Manager] Unable to send message (not connected to server process).
[Package Manager] Cannot connect to Unity Package Manager local server
Mono: successfully reloaded assembly
- Finished resetting the current domain, in  0.791 seconds
Domain Reload Profiling: 1518ms
	BeginReloadAssembly (214ms)
		ExecutionOrderSort (0ms)
		DisableScriptedObjects (18ms)
		BackupInstance (0ms)
		ReleaseScriptingObjects (0ms)
		CreateAndSetChildDomain (51ms)
	RebuildCommonClasses (29ms)
	RebuildNativeTypeToScriptingClass (10ms)
	initialDomainReloadingComplete (33ms)
	LoadAllAssembliesAndSetupDomain (439ms)
		LoadAssemblies (375ms)
		RebuildTransferFunctionScriptingTraits (0ms)
		AnalyzeDomain (156ms)
			TypeCache.Refresh (9ms)
				TypeCache.ScanAssembly (0ms)
			BuildScriptInfoCaches (132ms)
			ResolveRequiredComponents (9ms)
	FinalizeReload (792ms)
		ReleaseScriptCaches (0ms)
		RebuildScriptCaches (0ms)
		SetupLoadedEditorAssemblies (613ms)
			LogAssemblyErrors (0ms)
			InitializePlatformSupportModulesInManaged (14ms)
			SetLoadedEditorAssemblies (7ms)
			BeforeProcessingInitializeOnLoad (153ms)
			ProcessInitializeOnLoadAttributes (364ms)
			ProcessInitializeOnLoadMethodAttributes (66ms)
			AfterProcessingInitializeOnLoad (8ms)
			EditorAssembliesLoaded (1ms)
		ExecutionOrderSort2 (0ms)
		AwakeInstancesAfterBackupRestoration (22ms)
Refreshing native plugins compatible for Editor in 2.38 ms, found 3 plugins.
Preloading 0 native plugins for Editor in 0.00 ms.
Unloading 13 Unused Serialized files (Serialized files now loaded: 0)
Unloading 6117 unused Assets / (5.0 MB). Loaded Objects now: 6873.
Memory consumption went from 156.8 MB to 151.7 MB.
Total: 15.868200 ms (FindLiveObjects: 0.797200 ms CreateObjectMapping: 1.279800 ms MarkObjects: 9.847400 ms  DeleteObjects: 3.941700 ms)

Prepare: number of updated asset objects reloaded= 0
Editor requested this worker to shutdown with reason: Scaling down because of idle timeout
AssetImportWorker is now disconnected from the server
Process exiting
Exiting without the bug reporter. Application will terminate with return code 0