[Licensing::Module] Trying to connect to existing licensing client channel...
Built from '6000.0/staging' branch; Version is '6000.0.62f1 (f99f05b3e950) revision 16359173'; Using compiler version '193933523'; Build Type 'Release'
[Licensing::IpcConnector] Successfully connected to: "LicenseClient-20231351" at "2026-02-12T23:01:54.1712579Z"
OS: 'Windows 11  (10.0.26200) 64bit Enterprise' Language: 'en' Physical Memory: 16016 MB
BatchMode: 1, IsHumanControllingUs: 0, StartBugReporterOnCrash: 0, Is64bit: 1
Date: 2026-02-12T23:01:54Z

COMMAND LINE ARGUMENTS:
C:\Program Files\Unity\Hub\Editor\6000.0.62f1\Editor\Unity.exe
-adb2
-batchMode
-noUpm
-name
AssetImportWorker4
-projectPath
C:/Users/20231351/Documents/GitHub/Cat-Robotic-Assistant-Unity-Simulation
-logFile
Logs/AssetImportWorker4.log
-srvPort
54714
-licensingIpc
LicenseClient-20231351
-job-worker-count
9
-background-job-worker-count
8
-gc-helper-count
1
-name
AssetImport
Successfully changed project path to: C:/Users/20231351/Documents/GitHub/Cat-Robotic-Assistant-Unity-Simulation
C:/Users/20231351/Documents/GitHub/Cat-Robotic-Assistant-Unity-Simulation
[UnityMemory] Configuration Parameters - Can be set up in boot.config
    "memorysetup-bucket-allocator-granularity=16"
    "memorysetup-bucket-allocator-bucket-count=8"
    "memorysetup-bucket-allocator-block-size=33554432"
    "memorysetup-bucket-allocator-block-count=8"
    "memorysetup-main-allocator-block-size=16777216"
    "memorysetup-thread-allocator-block-size=16777216"
    "memorysetup-gfx-main-allocator-block-size=16777216"
    "memorysetup-gfx-thread-allocator-block-size=16777216"
    "memorysetup-cache-allocator-block-size=4194304"
    "memorysetup-typetree-allocator-block-size=2097152"
    "memorysetup-profiler-bucket-allocator-granularity=16"
    "memorysetup-profiler-bucket-allocator-bucket-count=8"
    "memorysetup-profiler-bucket-allocator-block-size=33554432"
    "memorysetup-profiler-bucket-allocator-block-count=8"
    "memorysetup-profiler-allocator-block-size=16777216"
    "memorysetup-profiler-editor-allocator-block-size=1048576"
    "memorysetup-temp-allocator-size-main=16777216"
    "memorysetup-job-temp-allocator-block-size=2097152"
    "memorysetup-job-temp-allocator-block-size-background=1048576"
    "memorysetup-job-temp-allocator-reduction-small-platforms=262144"
    "memorysetup-allocator-temp-initial-block-size-main=262144"
    "memorysetup-allocator-temp-initial-block-size-worker=262144"
    "memorysetup-temp-allocator-size-background-worker=32768"
    "memorysetup-temp-allocator-size-job-worker=262144"
    "memorysetup-temp-allocator-size-preload-manager=33554432"
    "memorysetup-temp-allocator-size-nav-mesh-worker=65536"
    "memorysetup-temp-allocator-size-audio-worker=65536"
    "memorysetup-temp-allocator-size-cloud-worker=32768"
    "memorysetup-temp-allocator-size-gi-baking-worker=262144"
    "memorysetup-temp-allocator-size-gi-baking-worker=262144"
    "memorysetup-temp-allocator-size-gi-baking-worker=262144"
    "memorysetup-temp-allocator-size-gi-baking-worker=262144"
    "memorysetup-temp-allocator-size-gi-baking-worker=262144"
    "memorysetup-temp-allocator-size-gfx=262144"
Player connection [21200]  Target information:

Player connection [21200]  * "[IP] 192.168.56.1 [Port] 0 [Flags] 2 [Guid] 1973315875 [EditorId] 1973315875 [Version] 1048832 [Id] WindowsEditor(7,S20231351) [Debug] 1 [PackageName] WindowsEditor [ProjectName] Editor" 

Player connection [21200]  * "[IP] 192.168.1.36 [Port] 0 [Flags] 2 [Guid] 1973315875 [EditorId] 1973315875 [Version] 1048832 [Id] WindowsEditor(7,S20231351) [Debug] 1 [PackageName] WindowsEditor [ProjectName] Editor" 

Player connection [21200] Host joined multi-casting on [225.0.0.222:54997]...
Player connection [21200] Host joined alternative multi-casting on [225.0.0.222:34997]...
JobSystem: Creating JobQueue using job-worker-count value 9
Input System module state changed to: Initialized.
[Physics::Module] Initialized fallback backend.
[Physics::Module] Id: 0xdecafbad
[Licensing::Client] Code 10 while verifying Licensing Client signature (process Id: 11556, path: "C:/Program Files/Unity Hub/UnityLicensingClient_V1/Unity.Licensing.Client.exe")
[Licensing::Module] LicensingClient has failed validation; ignoring
[Licensing::Client] Handshaking with LicensingClient:
  Version:                 1.17.3+a4e98f1
  Session Id:              e7ceffd6a0ab4b71ab4680cad9eb1515
  Correlation Id:          77b6d49d73889e506055b994af878cf6
  External correlation Id: 4630315734022774965
  Machine Id:              k/RkFSMiVZ8SHQr4NiN/DINruWw=
[Licensing::Module] Successfully connected to LicensingClient on channel: "LicenseClient-20231351" (connect: 0.00s, validation: 0.00s, handshake: 0.05s)
[Licensing::IpcConnector] Successfully connected to: "LicenseClient-20231351-notifications" at "2026-02-12T23:01:54.226121Z"
[Licensing::Module] Licensing Background thread has ended after 0.06s
Library Redirect Path: Library/
[Physics::Module] Selected backend.
[Physics::Module] Name: PhysX
[Physics::Module] Id: 0xf2b8ea05
[Physics::Module] SDK Version: 4.1.2
[Physics::Module] Integration Version: 1.0.0
[Physics::Module] Threading Mode: Multi-Threaded
Refreshing native plugins compatible for Editor in 2.09 ms, found 3 plugins.
Preloading 0 native plugins for Editor in 0.00 ms.
Initialize engine version: 6000.0.62f1 (f99f05b3e950)
[Subsystems] Discovering subsystems at path C:/Program Files/Unity/Hub/Editor/6000.0.62f1/Editor/Data/Resources/UnitySubsystems
[Subsystems] Discovering subsystems at path C:/Users/20231351/Documents/GitHub/Cat-Robotic-Assistant-Unity-Simulation/Assets
GfxDevice: creating device client; kGfxThreadingModeNonThreaded
Direct3D:
    Version:  Direct3D 11.0 [level 11.1]
    Renderer: NVIDIA RTX A1000 Laptop GPU (ID=0x25b9)
    Vendor:   NVIDIA
    VRAM:     3965 MB
    Driver:   32.0.15.7371
Initialize mono
Mono path[0] = 'C:/Program Files/Unity/Hub/Editor/6000.0.62f1/Editor/Data/Managed'
Mono path[1] = 'C:/Program Files/Unity/Hub/Editor/6000.0.62f1/Editor/Data/MonoBleedingEdge/lib/mono/unityjit-win32'
Mono config path = 'C:/Program Files/Unity/Hub/Editor/6000.0.62f1/Editor/Data/MonoBleedingEdge/etc'
Using monoOptions --debugger-agent=transport=dt_socket,embedding=1,server=y,suspend=n,address=127.0.0.1:56120
Begin MonoManager ReloadAssembly
Registering precompiled unity dll's ...
Register platform support module: C:/Program Files/Unity/Hub/Editor/6000.0.62f1/Editor/Data/PlaybackEngines/WindowsStandaloneSupport/UnityEditor.WindowsStandalone.Extensions.dll
[Licensing::Client] Successfully resolved entitlement details
[Licensing::Module] License group:
  Id: F4-YPMS-6VTS-JXCZ-TMR6-XXXX
  Product: Unity Personal
  Type: ULF
  Expiration: Unlimited
[Licensing::Module] License group:
  Id: 9071141991980-UnityPersXXXX
  Product: Unity Personal
  Type: Assigned
  Expiration: Unlimited
Register platform support module: C:/Program Files/Unity/Hub/Editor/6000.0.62f1/Editor/Data/PlaybackEngines/AndroidPlayer/UnityEditor.Android.Extensions.dll
Registered in 0.009829 seconds.
- Loaded All Assemblies, in  0.531 seconds
Native extension for Android target not found
Native extension for WindowsStandalone target not found
Mono: successfully reloaded assembly
- Finished resetting the current domain, in  0.423 seconds
Domain Reload Profiling: 951ms
	BeginReloadAssembly (207ms)
		ExecutionOrderSort (0ms)
		DisableScriptedObjects (0ms)
		BackupInstance (0ms)
		ReleaseScriptingObjects (0ms)
		CreateAndSetChildDomain (1ms)
	RebuildCommonClasses (41ms)
	RebuildNativeTypeToScriptingClass (13ms)
	initialDomainReloadingComplete (67ms)
	LoadAllAssembliesAndSetupDomain (199ms)
		LoadAssemblies (204ms)
		RebuildTransferFunctionScriptingTraits (0ms)
		AnalyzeDomain (194ms)
			TypeCache.Refresh (193ms)
				TypeCache.ScanAssembly (175ms)
			BuildScriptInfoCaches (0ms)
			ResolveRequiredComponents (0ms)
	FinalizeReload (424ms)
		ReleaseScriptCaches (0ms)
		RebuildScriptCaches (0ms)
		SetupLoadedEditorAssemblies (376ms)
			LogAssemblyErrors (0ms)
			InitializePlatformSupportModulesInManaged (96ms)
			SetLoadedEditorAssemblies (4ms)
			BeforeProcessingInitializeOnLoad (71ms)
			ProcessInitializeOnLoadAttributes (150ms)
			ProcessInitializeOnLoadMethodAttributes (55ms)
			AfterProcessingInitializeOnLoad (0ms)
			EditorAssembliesLoaded (0ms)
		ExecutionOrderSort2 (0ms)
		AwakeInstancesAfterBackupRestoration (0ms)
========================================================================
Worker process is ready to serve import requests
Import Worker Mode flag is 0x00
Begin MonoManager ReloadAssembly
[Licensing::Client] Successfully resolved entitlement details
[Licensing::Module] License group:
  Id: F4-YPMS-6VTS-JXCZ-TMR6-XXXX
  Product: Unity Personal
  Type: ULF
  Expiration: Unlimited
[Licensing::Module] License group:
  Id: 9071141991980-UnityPersXXXX
  Product: Unity Personal
  Type: Assigned
  Expiration: Unlimited
- Loaded All Assemblies, in  1.018 seconds
Refreshing native plugins compatible for Editor in 1.38 ms, found 3 plugins.
Native extension for Android target not found
Native extension for WindowsStandalone target not found
Package Manager log level set to [2]
[Package Manager] Failed to launch server process. Reason: Unity was launched with the -noUpm command-line argument
[Package Manager] Unable to send message (not connected to server process).
[Package Manager] Cannot connect to Unity Package Manager local server
[Package Manager] Failed to launch server process. Reason: Unity was launched with the -noUpm command-line argument
[Package Manager] Unable to send message (not connected to server process).
[Package Manager] Cannot connect to Unity Package Manager local server
Mono: successfully reloaded assembly
- Finished resetting the current domain, in  0.800 seconds
Domain Reload Profiling: 1808ms
	BeginReloadAssembly (199ms)
		ExecutionOrderSort (0ms)
		DisableScriptedObjects (6ms)
		BackupInstance (0ms)
		ReleaseScriptingObjects (0ms)
		CreateAndSetChildDomain (30ms)
	RebuildCommonClasses (37ms)
	RebuildNativeTypeToScriptingClass (14ms)
	initialDomainReloadingComplete (48ms)
	LoadAllAssembliesAndSetupDomain (710ms)
		LoadAssemblies (548ms)
		RebuildTransferFunctionScriptingTraits (0ms)
		AnalyzeDomain (277ms)
			TypeCache.Refresh (198ms)
				TypeCache.ScanAssembly (174ms)
			BuildScriptInfoCaches (61ms)
			ResolveRequiredComponents (13ms)
	FinalizeReload (800ms)
		ReleaseScriptCaches (0ms)
		RebuildScriptCaches (0ms)
		SetupLoadedEditorAssemblies (580ms)
			LogAssemblyErrors (0ms)
			InitializePlatformSupportModulesInManaged (14ms)
			SetLoadedEditorAssemblies (5ms)
			BeforeProcessingInitializeOnLoad (167ms)
			ProcessInitializeOnLoadAttributes (327ms)
			ProcessInitializeOnLoadMethodAttributes (62ms)
			AfterProcessingInitializeOnLoad (6ms)
			EditorAssembliesLoaded (0ms)
		ExecutionOrderSort2 (0ms)
		AwakeInstancesAfterBackupRestoration (5ms)
Launched and connected shader compiler UnityShaderCompiler.exe after 0.02 seconds
Refreshing native plugins compatible for Editor in 5.31 ms, found 3 plugins.
Preloading 0 native plugins for Editor in 0.00 ms.
Unloading 13 Unused Serialized files (Serialized files now loaded: 0)
Unloading 6440 unused Assets / (5.5 MB). Loaded Objects now: 7168.
Memory consumption went from 148.3 MB to 142.7 MB.
Total: 25.196000 ms (FindLiveObjects: 3.242700 ms CreateObjectMapping: 2.728400 ms MarkObjects: 12.326400 ms  DeleteObjects: 6.896300 ms)

========================================================================
Received Import Request.
  Time since last request: 26589.251499 seconds.
  path: Assets/Brick Project Studio/_BPS Basic Assets/Common/Scripts and Animations/Drawer/X Axis
  artifactKey: Guid(f1acf12a24073c140ad0a7dc9cfd6b31) Importer(2089858483,192608db42251d675da83286b1cce702)
Start importing Assets/Brick Project Studio/_BPS Basic Assets/Common/Scripts and Animations/Drawer/X Axis using Guid(f1acf12a24073c140ad0a7dc9cfd6b31) Importer(2089858483,192608db42251d675da83286b1cce702) (ScriptedImporter) -> (artifact id: '0dd62775335ad8191d731db2bcf6d4cc') in 0.3072344 seconds
Number of updated asset objects reloaded before import = 0Number of asset objects unloaded after import = 1

========================================================================
Received Import Request.
  Time since last request: 0.000037 seconds.
  path: Assets/Brick Project Studio/Apartment Kit/_Prefabs/Apt Build Kit/Interiors/Walls Frames & Doors/Apt_03
  artifactKey: Guid(5fc645babc362d2469869b278c5797e9) Importer(2089858483,192608db42251d675da83286b1cce702)
Start importing Assets/Brick Project Studio/Apartment Kit/_Prefabs/Apt Build Kit/Interiors/Walls Frames & Doors/Apt_03 using Guid(5fc645babc362d2469869b278c5797e9) Importer(2089858483,192608db42251d675da83286b1cce702) (ScriptedImporter) -> (artifact id: '1fcedc713abc991851130a8f6eef0d41') in 0.0107745 seconds
Number of updated asset objects reloaded before import = 0Number of asset objects unloaded after import = 1

========================================================================
Received Import Request.
  Time since last request: 0.000049 seconds.
  path: Assets/Yuetility-Studios/YueDestructible/Models/Textures
  artifactKey: Guid(32fd67008e21f9e48844fdce0bac016f) Importer(2089858483,192608db42251d675da83286b1cce702)
Start importing Assets/Yuetility-Studios/YueDestructible/Models/Textures using Guid(32fd67008e21f9e48844fdce0bac016f) Importer(2089858483,192608db42251d675da83286b1cce702) (ScriptedImporter) -> (artifact id: '50ba985b0af7020405ef468f4e398546') in 0.0078931 seconds
Number of updated asset objects reloaded before import = 0Number of asset objects unloaded after import = 1

========================================================================
Received Import Request.
  Time since last request: 0.000034 seconds.
  path: Assets/Brick Project Studio/_BPS Basic Assets/Common/Models
  artifactKey: Guid(0238337b50b4fb840b7948eada9f0c61) Importer(2089858483,192608db42251d675da83286b1cce702)
Start importing Assets/Brick Project Studio/_BPS Basic Assets/Common/Models using Guid(0238337b50b4fb840b7948eada9f0c61) Importer(2089858483,192608db42251d675da83286b1cce702) (ScriptedImporter) -> (artifact id: '5ae138f6361197cec5504e08ec3b6fc9') in 0.0056022 seconds
Number of updated asset objects reloaded before import = 0Number of asset objects unloaded after import = 1

========================================================================
Received Import Request.
  Time since last request: 0.000036 seconds.
  path: Assets/Breakable Containers/Items/Normal/Clay Vase Tall/Textures
  artifactKey: Guid(962ff939ec190574aa0cd0b5e1f58751) Importer(2089858483,192608db42251d675da83286b1cce702)
Start importing Assets/Breakable Containers/Items/Normal/Clay Vase Tall/Textures using Guid(962ff939ec190574aa0cd0b5e1f58751) Importer(2089858483,192608db42251d675da83286b1cce702) (ScriptedImporter) -> (artifact id: '47d23b39dd315ec32d37c136f22bf1b5') in 0.0069627 seconds
Number of updated asset objects reloaded before import = 0Number of asset objects unloaded after import = 1

========================================================================
Received Import Request.
  Time since last request: 0.000053 seconds.
  path: Assets/Brick Project Studio/Apartment Kit/Scenes/Scene_02
  artifactKey: Guid(146c196b551cfcf45afcbe0d5f25a501) Importer(2089858483,192608db42251d675da83286b1cce702)
Start importing Assets/Brick Project Studio/Apartment Kit/Scenes/Scene_02 using Guid(146c196b551cfcf45afcbe0d5f25a501) Importer(2089858483,192608db42251d675da83286b1cce702) (ScriptedImporter) -> (artifact id: '57a3a1816c238647a91774806c149fe4') in 0.0072316 seconds
Number of updated asset objects reloaded before import = 0Number of asset objects unloaded after import = 1

========================================================================
Received Import Request.
  Time since last request: 0.000033 seconds.
  path: Assets/Scripts/RoomManager.cs
  artifactKey: Guid(7d46baa7a52c485478c88b66bc595a42) Importer(2089858483,192608db42251d675da83286b1cce702)
Start importing Assets/Scripts/RoomManager.cs using Guid(7d46baa7a52c485478c88b66bc595a42) Importer(2089858483,192608db42251d675da83286b1cce702) (ScriptedImporter) -> (artifact id: '66e5d517ae916ea06ffb85860e10a9b0') in 0.0857102 seconds
Number of updated asset objects reloaded before import = 0Number of asset objects unloaded after import = 0

========================================================================
Received Import Request.
  Time since last request: 0.000055 seconds.
  path: Assets/Breakable Containers/Items/Normal/Jar_BlueRed/Materials
  artifactKey: Guid(cb6bbff5f2a675e4d8d11aa6ac122b42) Importer(2089858483,192608db42251d675da83286b1cce702)
Start importing Assets/Breakable Containers/Items/Normal/Jar_BlueRed/Materials using Guid(cb6bbff5f2a675e4d8d11aa6ac122b42) Importer(2089858483,192608db42251d675da83286b1cce702) (ScriptedImporter) -> (artifact id: '00a0ab0bacd81c02a852f99723d75d90') in 0.0053824 seconds
Number of updated asset objects reloaded before import = 0Number of asset objects unloaded after import = 1

========================================================================
Received Import Request.
  Time since last request: 0.000063 seconds.
  path: Assets/Brick Project Studio/_BPS Basic Assets/_Prefabs/Basic Asset/BA Build Kit
  artifactKey: Guid(eaea49c39338b4f498427bf2b99c3a8c) Importer(2089858483,192608db42251d675da83286b1cce702)
Start importing Assets/Brick Project Studio/_BPS Basic Assets/_Prefabs/Basic Asset/BA Build Kit using Guid(eaea49c39338b4f498427bf2b99c3a8c) Importer(2089858483,192608db42251d675da83286b1cce702) (ScriptedImporter) -> (artifact id: '756b447b7bbcf96d24a8adc720ac5330') in 0.0043364 seconds
Number of updated asset objects reloaded before import = 0Number of asset objects unloaded after import = 1

========================================================================
Received Import Request.
  Time since last request: 0.000024 seconds.
  path: Assets/Brick Project Studio/Apartment Kit/_Prefabs/Apt Build Kit/Int into Ext
  artifactKey: Guid(ed6ae6691b439b14ca460438d201a64a) Importer(2089858483,192608db42251d675da83286b1cce702)
Start importing Assets/Brick Project Studio/Apartment Kit/_Prefabs/Apt Build Kit/Int into Ext using Guid(ed6ae6691b439b14ca460438d201a64a) Importer(2089858483,192608db42251d675da83286b1cce702) (ScriptedImporter) -> (artifact id: '68eaaa3370e634babedeb2bd0900928f') in 0.0053619 seconds
Number of updated asset objects reloaded before import = 0Number of asset objects unloaded after import = 1

========================================================================
Received Import Request.
  Time since last request: 0.000018 seconds.
  path: Assets/Breakable Containers/Demo Scene
  artifactKey: Guid(7064007269b99fe48b2f47ec6e17392b) Importer(2089858483,192608db42251d675da83286b1cce702)
Start importing Assets/Breakable Containers/Demo Scene using Guid(7064007269b99fe48b2f47ec6e17392b) Importer(2089858483,192608db42251d675da83286b1cce702) (ScriptedImporter) -> (artifact id: 'd22f6a24242362955391385677af089f') in 0.0052885 seconds
Number of updated asset objects reloaded before import = 0Number of asset objects unloaded after import = 1

========================================================================
Received Import Request.
  Time since last request: 0.000028 seconds.
  path: Assets/Brick Project Studio/Apartment Kit/_Prefabs/Props/Art
  artifactKey: Guid(4addefa9a98220647bbb0f022fc137d5) Importer(2089858483,192608db42251d675da83286b1cce702)
Start importing Assets/Brick Project Studio/Apartment Kit/_Prefabs/Props/Art using Guid(4addefa9a98220647bbb0f022fc137d5) Importer(2089858483,192608db42251d675da83286b1cce702) (ScriptedImporter) -> (artifact id: '9d6b6b62de1a55addb67390758900500') in 0.0048156 seconds
Number of updated asset objects reloaded before import = 0Number of asset objects unloaded after import = 1

========================================================================
Received Import Request.
  Time since last request: 0.000034 seconds.
  path: Assets/Brick Project Studio/_BPS Basic Assets/_Prefabs/Restroom/RR Build Kit
  artifactKey: Guid(7650939902e4fdb4988d94990fbc7bee) Importer(2089858483,192608db42251d675da83286b1cce702)
Start importing Assets/Brick Project Studio/_BPS Basic Assets/_Prefabs/Restroom/RR Build Kit using Guid(7650939902e4fdb4988d94990fbc7bee) Importer(2089858483,192608db42251d675da83286b1cce702) (ScriptedImporter) -> (artifact id: '9c86143b87adffa69fb3dbf77c721262') in 0.0052531 seconds
Number of updated asset objects reloaded before import = 0Number of asset objects unloaded after import = 1

========================================================================
Received Import Request.
  Time since last request: 0.000025 seconds.
  path: Assets/Brick Project Studio/_BPS Basic Assets/Common/Textures/Restroom
  artifactKey: Guid(a42aa02b6dc21e644b5705822720cbd6) Importer(2089858483,192608db42251d675da83286b1cce702)
Start importing Assets/Brick Project Studio/_BPS Basic Assets/Common/Textures/Restroom using Guid(a42aa02b6dc21e644b5705822720cbd6) Importer(2089858483,192608db42251d675da83286b1cce702) (ScriptedImporter) -> (artifact id: 'e86849dd418433daca6ce1030a626d43') in 0.0052518 seconds
Number of updated asset objects reloaded before import = 0Number of asset objects unloaded after import = 1

========================================================================
Received Import Request.
  Time since last request: 14.064457 seconds.
  path: Assets/Brick Project Studio/Apartment Kit/Scenes/Scene_02 1.unity
  artifactKey: Guid(2d6332e53a056634fa021eff7a513e90) Importer(2089858483,192608db42251d675da83286b1cce702)
Start importing Assets/Brick Project Studio/Apartment Kit/Scenes/Scene_02 1.unity using Guid(2d6332e53a056634fa021eff7a513e90) Importer(2089858483,192608db42251d675da83286b1cce702) (ScriptedImporter) -> (artifact id: '4f931eaf180b9458e6b562da5f3c7f54') in 0.0364415 seconds
Number of updated asset objects reloaded before import = 0Number of asset objects unloaded after import = 1

========================================================================
Received Import Request.
  Time since last request: 14.876529 seconds.
  path: Assets/Brick Project Studio/Apartment Kit/Scenes/Scene_02 1.unity
  artifactKey: Guid(2d6332e53a056634fa021eff7a513e90) Importer(2089858483,192608db42251d675da83286b1cce702)
Start importing Assets/Brick Project Studio/Apartment Kit/Scenes/Scene_02 1.unity using Guid(2d6332e53a056634fa021eff7a513e90) Importer(2089858483,192608db42251d675da83286b1cce702) (ScriptedImporter) -> (artifact id: '1c2b487faf3429f598b1d9e77573c7cd') in 0.0403246 seconds
Number of updated asset objects reloaded before import = 0Number of asset objects unloaded after import = 1

========================================================================
Received Import Request.
  Time since last request: 166.611241 seconds.
  path: Assets/Brick Project Studio/Apartment Kit/Scenes/Scene_02 1.unity
  artifactKey: Guid(2d6332e53a056634fa021eff7a513e90) Importer(2089858483,192608db42251d675da83286b1cce702)
Start importing Assets/Brick Project Studio/Apartment Kit/Scenes/Scene_02 1.unity using Guid(2d6332e53a056634fa021eff7a513e90) Importer(2089858483,192608db42251d675da83286b1cce702) (ScriptedImporter) -> (artifact id: '6bf7a547c293e9d94ea8618ad1e3e85c') in 0.0415753 seconds
Number of updated asset objects reloaded before import = 0Number of asset objects unloaded after import = 1

========================================================================
Received Import Request.
  Time since last request: 80.556214 seconds.
  path: Assets/Brick Project Studio/Apartment Kit/Scenes/Scene_02 1.unity
  artifactKey: Guid(2d6332e53a056634fa021eff7a513e90) Importer(2089858483,192608db42251d675da83286b1cce702)
Start importing Assets/Brick Project Studio/Apartment Kit/Scenes/Scene_02 1.unity using Guid(2d6332e53a056634fa021eff7a513e90) Importer(2089858483,192608db42251d675da83286b1cce702) (ScriptedImporter) -> (artifact id: 'd7abf1fcc6c264eba7791c74e89d8fb5') in 0.0301824 seconds
Number of updated asset objects reloaded before import = 0Number of asset objects unloaded after import = 1

========================================================================
Received Import Request.
  Time since last request: 8.134573 seconds.
  path: Assets/Scripts
  artifactKey: Guid(ba395cfa37cd56543bfc859056746cd1) Importer(815301076,1909f56bfc062723c751e8b465ee728b)
Start importing Assets/Scripts using Guid(ba395cfa37cd56543bfc859056746cd1) Importer(815301076,1909f56bfc062723c751e8b465ee728b) (PreviewImporter) -> (artifact id: 'd91f2cbb86aaa6636b907f0770084fa2') in 0.0006428 seconds
Number of updated asset objects reloaded before import = 0Number of asset objects unloaded after import = 0

========================================================================
Received Prepare
Refreshing native plugins compatible for Editor in 1.65 ms, found 3 plugins.
Preloading 0 native plugins for Editor in 0.00 ms.
Unloading 13 Unused Serialized files (Serialized files now loaded: 0)
Unloading 6433 unused Assets / (4.8 MB). Loaded Objects now: 7171.
Memory consumption went from 147.2 MB to 142.4 MB.
Total: 13.534600 ms (FindLiveObjects: 0.795300 ms CreateObjectMapping: 0.944600 ms MarkObjects: 8.144800 ms  DeleteObjects: 3.648500 ms)

Prepare: number of updated asset objects reloaded= 0
========================================================================
Received Import Request.
  Time since last request: 12.586503 seconds.
  path: Assets/Scripts/CatMover.cs
  artifactKey: Guid(8eaf054cc4896e74f8569ad1c9b9bb17) Importer(815301076,1909f56bfc062723c751e8b465ee728b)
Start importing Assets/Scripts/CatMover.cs using Guid(8eaf054cc4896e74f8569ad1c9b9bb17) Importer(815301076,1909f56bfc062723c751e8b465ee728b) (PreviewImporter) -> (artifact id: 'f30d3308726122d6b71b09a89901d467') in 0.0080234 seconds
Number of updated asset objects reloaded before import = 0Number of asset objects unloaded after import = 0

========================================================================
Received Import Request.
  Time since last request: 0.065595 seconds.
  path: Assets/Scripts/CatMover.cs
  artifactKey: Guid(8eaf054cc4896e74f8569ad1c9b9bb17) Importer(2089858483,192608db42251d675da83286b1cce702)
Start importing Assets/Scripts/CatMover.cs using Guid(8eaf054cc4896e74f8569ad1c9b9bb17) Importer(2089858483,192608db42251d675da83286b1cce702) (ScriptedImporter) -> (artifact id: '0a843ba8339504499d440a86925cac9d') in 0.0034537 seconds
Number of updated asset objects reloaded before import = 0Number of asset objects unloaded after import = 0

========================================================================
Received Prepare
Begin MonoManager ReloadAssembly
[Licensing::Client] Successfully resolved entitlement details
[Licensing::Module] License group:
  Id: F4-YPMS-6VTS-JXCZ-TMR6-XXXX
  Product: Unity Personal
  Type: ULF
  Expiration: Unlimited
[Licensing::Module] License group:
  Id: 9071141991980-UnityPersXXXX
  Product: Unity Personal
  Type: Assigned
  Expiration: Unlimited
- Loaded All Assemblies, in  0.712 seconds
Refreshing native plugins compatible for Editor in 0.85 ms, found 3 plugins.
Native extension for Android target not found
Native extension for WindowsStandalone target not found
[Package Manager] Failed to launch server process. Reason: Unity was launched with the -noUpm command-line argument
[Package Manager] Unable to send message (not connected to server process).
[Package Manager] Cannot connect to Unity Package Manager local server
[Package Manager] Failed to launch server process. Reason: Unity was launched with the -noUpm command-line argument
[Package Manager] Unable to send message (not connected to server process).
[Package Manager] Cannot connect to Unity Package Manager local server
Mono: successfully reloaded assembly
- Finished resetting the current domain, in  0.687 seconds
Domain Reload Profiling: 1398ms
	BeginReloadAssembly (198ms)
		ExecutionOrderSort (0ms)
		DisableScriptedObjects (4ms)
		BackupInstance (0ms)
		ReleaseScriptingObjects (0ms)
		CreateAndSetChildDomain (54ms)
	RebuildCommonClasses (32ms)
	RebuildNativeTypeToScriptingClass (12ms)
	initialDomainReloadingComplete (30ms)
	LoadAllAssembliesAndSetupDomain (439ms)
		LoadAssemblies (365ms)
		RebuildTransferFunctionScriptingTraits (0ms)
		AnalyzeDomain (150ms)
			TypeCache.Refresh (9ms)
				TypeCache.ScanAssembly (0ms)
			BuildScriptInfoCaches (130ms)
			ResolveRequiredComponents (9ms)
	FinalizeReload (687ms)
		ReleaseScriptCaches (0ms)
		RebuildScriptCaches (0ms)
		SetupLoadedEditorAssemblies (513ms)
			LogAssemblyErrors (0ms)
			InitializePlatformSupportModulesInManaged (13ms)
			SetLoadedEditorAssemblies (6ms)
			BeforeProcessingInitializeOnLoad (125ms)
			ProcessInitializeOnLoadAttributes (307ms)
			ProcessInitializeOnLoadMethodAttributes (58ms)
			AfterProcessingInitializeOnLoad (5ms)
			EditorAssembliesLoaded (0ms)
		ExecutionOrderSort2 (0ms)
		AwakeInstancesAfterBackupRestoration (12ms)
Refreshing native plugins compatible for Editor in 1.43 ms, found 3 plugins.
Preloading 0 native plugins for Editor in 0.00 ms.
Unloading 13 Unused Serialized files (Serialized files now loaded: 0)
Unloading 6440 unused Assets / (4.7 MB). Loaded Objects now: 7187.
Memory consumption went from 160.5 MB to 155.8 MB.
Total: 12.060900 ms (FindLiveObjects: 1.042800 ms CreateObjectMapping: 1.136000 ms MarkObjects: 6.463800 ms  DeleteObjects: 3.416500 ms)

Prepare: number of updated asset objects reloaded= 0
========================================================================
Received Prepare
Refreshing native plugins compatible for Editor in 2.86 ms, found 3 plugins.
Preloading 0 native plugins for Editor in 0.00 ms.
Unloading 13 Unused Serialized files (Serialized files now loaded: 0)
Unloading 6433 unused Assets / (4.5 MB). Loaded Objects now: 7187.
Memory consumption went from 160.7 MB to 156.2 MB.
Total: 14.706700 ms (FindLiveObjects: 1.185400 ms CreateObjectMapping: 1.299400 ms MarkObjects: 8.648300 ms  DeleteObjects: 3.570900 ms)

Prepare: number of updated asset objects reloaded= 0
========================================================================
Received Prepare
Refreshing native plugins compatible for Editor in 3.12 ms, found 3 plugins.
Preloading 0 native plugins for Editor in 0.00 ms.
Unloading 13 Unused Serialized files (Serialized files now loaded: 0)
Unloading 6433 unused Assets / (4.9 MB). Loaded Objects now: 7187.
Memory consumption went from 160.7 MB to 155.8 MB.
Total: 15.310500 ms (FindLiveObjects: 1.444000 ms CreateObjectMapping: 1.035000 ms MarkObjects: 7.911100 ms  DeleteObjects: 4.918700 ms)

Prepare: number of updated asset objects reloaded= 0
========================================================================
Received Prepare
Refreshing native plugins compatible for Editor in 2.92 ms, found 3 plugins.
Preloading 0 native plugins for Editor in 0.00 ms.
Unloading 13 Unused Serialized files (Serialized files now loaded: 0)
Unloading 6433 unused Assets / (4.3 MB). Loaded Objects now: 7187.
Memory consumption went from 160.7 MB to 156.3 MB.
Total: 13.971400 ms (FindLiveObjects: 1.205600 ms CreateObjectMapping: 1.803300 ms MarkObjects: 7.658000 ms  DeleteObjects: 3.302800 ms)

Prepare: number of updated asset objects reloaded= 0
========================================================================
Received Prepare
Refreshing native plugins compatible for Editor in 2.97 ms, found 3 plugins.
Preloading 0 native plugins for Editor in 0.00 ms.
Unloading 13 Unused Serialized files (Serialized files now loaded: 0)
Unloading 6433 unused Assets / (4.5 MB). Loaded Objects now: 7187.
Memory consumption went from 160.7 MB to 156.2 MB.
Total: 13.982400 ms (FindLiveObjects: 1.262900 ms CreateObjectMapping: 1.069500 ms MarkObjects: 8.200400 ms  DeleteObjects: 3.447500 ms)

Prepare: number of updated asset objects reloaded= 0
========================================================================
Received Prepare
Refreshing native plugins compatible for Editor in 2.87 ms, found 3 plugins.
Preloading 0 native plugins for Editor in 0.00 ms.
Unloading 13 Unused Serialized files (Serialized files now loaded: 0)
Unloading 6433 unused Assets / (4.4 MB). Loaded Objects now: 7187.
Memory consumption went from 160.7 MB to 156.3 MB.
Total: 12.829100 ms (FindLiveObjects: 1.135400 ms CreateObjectMapping: 1.237500 ms MarkObjects: 7.003500 ms  DeleteObjects: 3.451200 ms)

Prepare: number of updated asset objects reloaded= 0
========================================================================
Received Prepare
Refreshing native plugins compatible for Editor in 3.01 ms, found 3 plugins.
Preloading 0 native plugins for Editor in 0.00 ms.
Unloading 13 Unused Serialized files (Serialized files now loaded: 0)
Unloading 6433 unused Assets / (4.5 MB). Loaded Objects now: 7187.
Memory consumption went from 160.7 MB to 156.2 MB.
Total: 14.266400 ms (FindLiveObjects: 1.269200 ms CreateObjectMapping: 1.022200 ms MarkObjects: 7.729400 ms  DeleteObjects: 4.243400 ms)

Prepare: number of updated asset objects reloaded= 0
========================================================================
Received Prepare
Refreshing native plugins compatible for Editor in 3.04 ms, found 3 plugins.
Preloading 0 native plugins for Editor in 0.00 ms.
Unloading 13 Unused Serialized files (Serialized files now loaded: 0)
Unloading 6433 unused Assets / (4.6 MB). Loaded Objects now: 7187.
Memory consumption went from 160.7 MB to 156.1 MB.
Total: 13.328800 ms (FindLiveObjects: 1.187600 ms CreateObjectMapping: 1.245800 ms MarkObjects: 7.130500 ms  DeleteObjects: 3.762800 ms)

Prepare: number of updated asset objects reloaded= 0
========================================================================
Received Prepare
Refreshing native plugins compatible for Editor in 3.04 ms, found 3 plugins.
Preloading 0 native plugins for Editor in 0.00 ms.
Unloading 13 Unused Serialized files (Serialized files now loaded: 0)
Unloading 6433 unused Assets / (4.6 MB). Loaded Objects now: 7187.
Memory consumption went from 160.7 MB to 156.1 MB.
Total: 13.390600 ms (FindLiveObjects: 1.317300 ms CreateObjectMapping: 1.411500 ms MarkObjects: 7.164300 ms  DeleteObjects: 3.495000 ms)

Prepare: number of updated asset objects reloaded= 0
========================================================================
Received Prepare
Refreshing native plugins compatible for Editor in 3.09 ms, found 3 plugins.
Preloading 0 native plugins for Editor in 0.00 ms.
Unloading 13 Unused Serialized files (Serialized files now loaded: 0)
Unloading 6433 unused Assets / (4.6 MB). Loaded Objects now: 7187.
Memory consumption went from 160.7 MB to 156.1 MB.
Total: 15.137000 ms (FindLiveObjects: 1.498600 ms CreateObjectMapping: 1.606500 ms MarkObjects: 8.142800 ms  DeleteObjects: 3.887100 ms)

Prepare: number of updated asset objects reloaded= 0
========================================================================
Received Prepare
Refreshing native plugins compatible for Editor in 2.34 ms, found 3 plugins.
Preloading 0 native plugins for Editor in 0.00 ms.
Unloading 13 Unused Serialized files (Serialized files now loaded: 0)
Unloading 6433 unused Assets / (4.6 MB). Loaded Objects now: 7187.
Memory consumption went from 160.8 MB to 156.2 MB.
Total: 13.811600 ms (FindLiveObjects: 1.277900 ms CreateObjectMapping: 1.147100 ms MarkObjects: 7.704000 ms  DeleteObjects: 3.680400 ms)

Prepare: number of updated asset objects reloaded= 0
========================================================================
Received Prepare
Refreshing native plugins compatible for Editor in 3.01 ms, found 3 plugins.
Preloading 0 native plugins for Editor in 0.00 ms.
Unloading 13 Unused Serialized files (Serialized files now loaded: 0)
Unloading 6433 unused Assets / (4.6 MB). Loaded Objects now: 7187.
Memory consumption went from 160.8 MB to 156.2 MB.
Total: 13.466000 ms (FindLiveObjects: 1.038400 ms CreateObjectMapping: 1.031900 ms MarkObjects: 7.263200 ms  DeleteObjects: 4.130300 ms)

Prepare: number of updated asset objects reloaded= 0
========================================================================
Received Prepare
Refreshing native plugins compatible for Editor in 2.12 ms, found 3 plugins.
Preloading 0 native plugins for Editor in 0.00 ms.
Unloading 13 Unused Serialized files (Serialized files now loaded: 0)
Unloading 6433 unused Assets / (4.4 MB). Loaded Objects now: 7187.
Memory consumption went from 160.8 MB to 156.3 MB.
Total: 13.048000 ms (FindLiveObjects: 1.250000 ms CreateObjectMapping: 1.081300 ms MarkObjects: 6.879100 ms  DeleteObjects: 3.836000 ms)

Prepare: number of updated asset objects reloaded= 0
========================================================================
Received Prepare
Refreshing native plugins compatible for Editor in 2.41 ms, found 3 plugins.
Preloading 0 native plugins for Editor in 0.00 ms.
Unloading 13 Unused Serialized files (Serialized files now loaded: 0)
Unloading 6433 unused Assets / (4.5 MB). Loaded Objects now: 7187.
Memory consumption went from 160.8 MB to 156.3 MB.
Total: 13.874300 ms (FindLiveObjects: 0.975200 ms CreateObjectMapping: 1.088900 ms MarkObjects: 7.611300 ms  DeleteObjects: 4.196800 ms)

Prepare: number of updated asset objects reloaded= 0
========================================================================
Received Prepare
Refreshing native plugins compatible for Editor in 2.80 ms, found 3 plugins.
Preloading 0 native plugins for Editor in 0.00 ms.
Unloading 13 Unused Serialized files (Serialized files now loaded: 0)
Unloading 6433 unused Assets / (4.2 MB). Loaded Objects now: 7187.
Memory consumption went from 160.8 MB to 156.6 MB.
Total: 11.778700 ms (FindLiveObjects: 1.329100 ms CreateObjectMapping: 0.957700 ms MarkObjects: 6.416700 ms  DeleteObjects: 3.073000 ms)

Prepare: number of updated asset objects reloaded= 0
========================================================================
Received Prepare
Refreshing native plugins compatible for Editor in 2.91 ms, found 3 plugins.
Preloading 0 native plugins for Editor in 0.00 ms.
Unloading 13 Unused Serialized files (Serialized files now loaded: 0)
Unloading 6433 unused Assets / (4.5 MB). Loaded Objects now: 7187.
Memory consumption went from 160.8 MB to 156.3 MB.
Total: 12.481200 ms (FindLiveObjects: 1.250600 ms CreateObjectMapping: 0.942400 ms MarkObjects: 6.725400 ms  DeleteObjects: 3.561000 ms)

Prepare: number of updated asset objects reloaded= 0
========================================================================
Received Prepare
Refreshing native plugins compatible for Editor in 2.95 ms, found 3 plugins.
Preloading 0 native plugins for Editor in 0.00 ms.
Unloading 13 Unused Serialized files (Serialized files now loaded: 0)
Unloading 6433 unused Assets / (4.2 MB). Loaded Objects now: 7187.
Memory consumption went from 160.8 MB to 156.6 MB.
Total: 12.939900 ms (FindLiveObjects: 1.486300 ms CreateObjectMapping: 0.774800 ms MarkObjects: 7.465400 ms  DeleteObjects: 3.211100 ms)

Prepare: number of updated asset objects reloaded= 0
========================================================================
Received Prepare
Refreshing native plugins compatible for Editor in 2.80 ms, found 3 plugins.
Preloading 0 native plugins for Editor in 0.00 ms.
Unloading 13 Unused Serialized files (Serialized files now loaded: 0)
Unloading 6433 unused Assets / (4.2 MB). Loaded Objects now: 7187.
Memory consumption went from 160.8 MB to 156.6 MB.
Total: 13.346700 ms (FindLiveObjects: 1.240100 ms CreateObjectMapping: 0.933100 ms MarkObjects: 7.809200 ms  DeleteObjects: 3.359100 ms)

Prepare: number of updated asset objects reloaded= 0
========================================================================
Received Prepare
Refreshing native plugins compatible for Editor in 2.98 ms, found 3 plugins.
Preloading 0 native plugins for Editor in 0.00 ms.
Unloading 13 Unused Serialized files (Serialized files now loaded: 0)
Unloading 6433 unused Assets / (5.6 MB). Loaded Objects now: 7187.
Memory consumption went from 160.8 MB to 155.2 MB.
Total: 15.998100 ms (FindLiveObjects: 1.003000 ms CreateObjectMapping: 0.825100 ms MarkObjects: 8.572800 ms  DeleteObjects: 5.595500 ms)

Prepare: number of updated asset objects reloaded= 0
========================================================================
Received Prepare
Refreshing native plugins compatible for Editor in 2.71 ms, found 3 plugins.
Preloading 0 native plugins for Editor in 0.00 ms.
Unloading 13 Unused Serialized files (Serialized files now loaded: 0)
Unloading 6433 unused Assets / (4.1 MB). Loaded Objects now: 7187.
Memory consumption went from 160.8 MB to 156.7 MB.
Total: 12.387600 ms (FindLiveObjects: 1.298700 ms CreateObjectMapping: 1.022000 ms MarkObjects: 7.370000 ms  DeleteObjects: 2.694200 ms)

Prepare: number of updated asset objects reloaded= 0
========================================================================
Received Prepare
Refreshing native plugins compatible for Editor in 3.19 ms, found 3 plugins.
Preloading 0 native plugins for Editor in 0.00 ms.
Unloading 13 Unused Serialized files (Serialized files now loaded: 0)
Unloading 6433 unused Assets / (4.3 MB). Loaded Objects now: 7187.
Memory consumption went from 160.8 MB to 156.4 MB.
Total: 13.888700 ms (FindLiveObjects: 1.362100 ms CreateObjectMapping: 0.848100 ms MarkObjects: 7.992600 ms  DeleteObjects: 3.683800 ms)

Prepare: number of updated asset objects reloaded= 0
========================================================================
Received Prepare
Refreshing native plugins compatible for Editor in 3.08 ms, found 3 plugins.
Preloading 0 native plugins for Editor in 0.00 ms.
Unloading 13 Unused Serialized files (Serialized files now loaded: 0)
Unloading 6433 unused Assets / (4.3 MB). Loaded Objects now: 7187.
Memory consumption went from 160.8 MB to 156.5 MB.
Total: 13.074100 ms (FindLiveObjects: 1.641300 ms CreateObjectMapping: 0.819100 ms MarkObjects: 7.304400 ms  DeleteObjects: 3.307200 ms)

Prepare: number of updated asset objects reloaded= 0
========================================================================
Received Prepare
Refreshing native plugins compatible for Editor in 2.91 ms, found 3 plugins.
Preloading 0 native plugins for Editor in 0.00 ms.
Unloading 13 Unused Serialized files (Serialized files now loaded: 0)
Unloading 6433 unused Assets / (4.8 MB). Loaded Objects now: 7187.
Memory consumption went from 160.8 MB to 156.0 MB.
Total: 12.322700 ms (FindLiveObjects: 1.108300 ms CreateObjectMapping: 0.969100 ms MarkObjects: 6.231100 ms  DeleteObjects: 4.012100 ms)

Prepare: number of updated asset objects reloaded= 0
========================================================================
Received Prepare
Refreshing native plugins compatible for Editor in 3.18 ms, found 3 plugins.
Preloading 0 native plugins for Editor in 0.00 ms.
Unloading 13 Unused Serialized files (Serialized files now loaded: 0)
Unloading 6433 unused Assets / (4.4 MB). Loaded Objects now: 7187.
Memory consumption went from 160.8 MB to 156.3 MB.
Total: 12.506100 ms (FindLiveObjects: 1.412200 ms CreateObjectMapping: 0.922500 ms MarkObjects: 6.388000 ms  DeleteObjects: 3.781100 ms)

Prepare: number of updated asset objects reloaded= 0
========================================================================
Received Prepare
Refreshing native plugins compatible for Editor in 2.98 ms, found 3 plugins.
Preloading 0 native plugins for Editor in 0.00 ms.
Unloading 13 Unused Serialized files (Serialized files now loaded: 0)
Unloading 6433 unused Assets / (4.3 MB). Loaded Objects now: 7187.
Memory consumption went from 160.8 MB to 156.5 MB.
Total: 12.495500 ms (FindLiveObjects: 1.090700 ms CreateObjectMapping: 0.757100 ms MarkObjects: 7.030200 ms  DeleteObjects: 3.615400 ms)

Prepare: number of updated asset objects reloaded= 0
========================================================================
Received Prepare
Refreshing native plugins compatible for Editor in 3.07 ms, found 3 plugins.
Preloading 0 native plugins for Editor in 0.00 ms.
Unloading 13 Unused Serialized files (Serialized files now loaded: 0)
Unloading 6433 unused Assets / (4.4 MB). Loaded Objects now: 7187.
Memory consumption went from 160.8 MB to 156.3 MB.
Total: 14.922900 ms (FindLiveObjects: 1.495700 ms CreateObjectMapping: 1.168100 ms MarkObjects: 8.740300 ms  DeleteObjects: 3.516800 ms)

Prepare: number of updated asset objects reloaded= 0
========================================================================
Received Prepare
Refreshing native plugins compatible for Editor in 3.09 ms, found 3 plugins.
Preloading 0 native plugins for Editor in 0.00 ms.
Unloading 13 Unused Serialized files (Serialized files now loaded: 0)
Unloading 6433 unused Assets / (4.3 MB). Loaded Objects now: 7187.
Memory consumption went from 160.8 MB to 156.4 MB.
Total: 13.084200 ms (FindLiveObjects: 1.032500 ms CreateObjectMapping: 0.982800 ms MarkObjects: 7.428100 ms  DeleteObjects: 3.638600 ms)

Prepare: number of updated asset objects reloaded= 0
========================================================================
Received Prepare
Refreshing native plugins compatible for Editor in 2.45 ms, found 3 plugins.
Preloading 0 native plugins for Editor in 0.00 ms.
Unloading 13 Unused Serialized files (Serialized files now loaded: 0)
Unloading 6433 unused Assets / (4.7 MB). Loaded Objects now: 7187.
Memory consumption went from 160.8 MB to 156.1 MB.
Total: 13.502600 ms (FindLiveObjects: 1.091000 ms CreateObjectMapping: 0.960600 ms MarkObjects: 7.531000 ms  DeleteObjects: 3.917700 ms)

Prepare: number of updated asset objects reloaded= 0
========================================================================
Received Prepare
Refreshing native plugins compatible for Editor in 3.16 ms, found 3 plugins.
Preloading 0 native plugins for Editor in 0.00 ms.
Unloading 13 Unused Serialized files (Serialized files now loaded: 0)
Unloading 6433 unused Assets / (4.3 MB). Loaded Objects now: 7187.
Memory consumption went from 160.8 MB to 156.4 MB.
Total: 12.424200 ms (FindLiveObjects: 0.937900 ms CreateObjectMapping: 0.661800 ms MarkObjects: 7.540700 ms  DeleteObjects: 3.282000 ms)

Prepare: number of updated asset objects reloaded= 0
========================================================================
Received Prepare
Refreshing native plugins compatible for Editor in 2.95 ms, found 3 plugins.
Preloading 0 native plugins for Editor in 0.00 ms.
Unloading 13 Unused Serialized files (Serialized files now loaded: 0)
Unloading 6433 unused Assets / (4.4 MB). Loaded Objects now: 7187.
Memory consumption went from 160.8 MB to 156.4 MB.
Total: 12.149000 ms (FindLiveObjects: 1.148800 ms CreateObjectMapping: 0.817700 ms MarkObjects: 6.658300 ms  DeleteObjects: 3.521900 ms)

Prepare: number of updated asset objects reloaded= 0
========================================================================
Received Prepare
Refreshing native plugins compatible for Editor in 2.83 ms, found 3 plugins.
Preloading 0 native plugins for Editor in 0.00 ms.
Unloading 13 Unused Serialized files (Serialized files now loaded: 0)
Unloading 6433 unused Assets / (4.5 MB). Loaded Objects now: 7187.
Memory consumption went from 160.8 MB to 156.2 MB.
Total: 13.333100 ms (FindLiveObjects: 1.212900 ms CreateObjectMapping: 0.931300 ms MarkObjects: 7.629500 ms  DeleteObjects: 3.557600 ms)

Prepare: number of updated asset objects reloaded= 0
========================================================================
Received Prepare
Refreshing native plugins compatible for Editor in 3.30 ms, found 3 plugins.
Preloading 0 native plugins for Editor in 0.00 ms.
Unloading 13 Unused Serialized files (Serialized files now loaded: 0)
Unloading 6433 unused Assets / (4.7 MB). Loaded Objects now: 7187.
Memory consumption went from 160.8 MB to 156.1 MB.
Total: 12.969000 ms (FindLiveObjects: 0.989000 ms CreateObjectMapping: 0.927800 ms MarkObjects: 7.876300 ms  DeleteObjects: 3.173300 ms)

Prepare: number of updated asset objects reloaded= 0
========================================================================
Received Prepare
Refreshing native plugins compatible for Editor in 2.98 ms, found 3 plugins.
Preloading 0 native plugins for Editor in 0.00 ms.
Unloading 13 Unused Serialized files (Serialized files now loaded: 0)
Unloading 6433 unused Assets / (4.4 MB). Loaded Objects now: 7187.
Memory consumption went from 160.8 MB to 156.4 MB.
Total: 13.530700 ms (FindLiveObjects: 1.538200 ms CreateObjectMapping: 1.728600 ms MarkObjects: 6.460300 ms  DeleteObjects: 3.800900 ms)

Prepare: number of updated asset objects reloaded= 0
========================================================================
Received Prepare
Refreshing native plugins compatible for Editor in 3.08 ms, found 3 plugins.
Preloading 0 native plugins for Editor in 0.00 ms.
Unloading 13 Unused Serialized files (Serialized files now loaded: 0)
Unloading 6433 unused Assets / (4.5 MB). Loaded Objects now: 7187.
Memory consumption went from 160.8 MB to 156.2 MB.
Total: 13.089500 ms (FindLiveObjects: 1.070300 ms CreateObjectMapping: 0.922700 ms MarkObjects: 7.229400 ms  DeleteObjects: 3.864600 ms)

Prepare: number of updated asset objects reloaded= 0
========================================================================
Received Prepare
Refreshing native plugins compatible for Editor in 3.72 ms, found 3 plugins.
Preloading 0 native plugins for Editor in 0.00 ms.
Unloading 13 Unused Serialized files (Serialized files now loaded: 0)
Unloading 6433 unused Assets / (4.4 MB). Loaded Objects now: 7187.
Memory consumption went from 160.8 MB to 156.3 MB.
Total: 13.006100 ms (FindLiveObjects: 0.983000 ms CreateObjectMapping: 0.753800 ms MarkObjects: 7.576400 ms  DeleteObjects: 3.690300 ms)

Prepare: number of updated asset objects reloaded= 0
========================================================================
Received Prepare
Refreshing native plugins compatible for Editor in 2.97 ms, found 3 plugins.
Preloading 0 native plugins for Editor in 0.00 ms.
Unloading 13 Unused Serialized files (Serialized files now loaded: 0)
Unloading 6433 unused Assets / (4.5 MB). Loaded Objects now: 7187.
Memory consumption went from 160.8 MB to 156.3 MB.
Total: 13.189300 ms (FindLiveObjects: 2.049500 ms CreateObjectMapping: 1.050900 ms MarkObjects: 6.502400 ms  DeleteObjects: 3.583200 ms)

Prepare: number of updated asset objects reloaded= 0
========================================================================
Received Prepare
Refreshing native plugins compatible for Editor in 3.03 ms, found 3 plugins.
Preloading 0 native plugins for Editor in 0.00 ms.
Unloading 13 Unused Serialized files (Serialized files now loaded: 0)
Unloading 6433 unused Assets / (4.6 MB). Loaded Objects now: 7187.
Memory consumption went from 160.8 MB to 156.2 MB.
Total: 13.029400 ms (FindLiveObjects: 1.368400 ms CreateObjectMapping: 0.769000 ms MarkObjects: 7.301600 ms  DeleteObjects: 3.588300 ms)

Prepare: number of updated asset objects reloaded= 0
========================================================================
Received Prepare
Refreshing native plugins compatible for Editor in 3.00 ms, found 3 plugins.
Preloading 0 native plugins for Editor in 0.00 ms.
Unloading 13 Unused Serialized files (Serialized files now loaded: 0)
Unloading 6433 unused Assets / (4.0 MB). Loaded Objects now: 7187.
Memory consumption went from 160.8 MB to 156.8 MB.
Total: 12.155200 ms (FindLiveObjects: 1.152700 ms CreateObjectMapping: 0.747200 ms MarkObjects: 7.139100 ms  DeleteObjects: 3.114200 ms)

Prepare: number of updated asset objects reloaded= 0
========================================================================
Received Prepare
Refreshing native plugins compatible for Editor in 3.34 ms, found 3 plugins.
Preloading 0 native plugins for Editor in 0.00 ms.
Unloading 13 Unused Serialized files (Serialized files now loaded: 0)
Unloading 6433 unused Assets / (4.3 MB). Loaded Objects now: 7187.
Memory consumption went from 160.8 MB to 156.5 MB.
Total: 13.197000 ms (FindLiveObjects: 1.510200 ms CreateObjectMapping: 0.787900 ms MarkObjects: 7.202100 ms  DeleteObjects: 3.694700 ms)

Prepare: number of updated asset objects reloaded= 0
========================================================================
Received Prepare
Refreshing native plugins compatible for Editor in 2.24 ms, found 3 plugins.
Preloading 0 native plugins for Editor in 0.00 ms.
Unloading 13 Unused Serialized files (Serialized files now loaded: 0)
Unloading 6433 unused Assets / (4.4 MB). Loaded Objects now: 7187.
Memory consumption went from 160.8 MB to 156.4 MB.
Total: 13.946600 ms (FindLiveObjects: 1.102700 ms CreateObjectMapping: 0.909800 ms MarkObjects: 8.119700 ms  DeleteObjects: 3.812500 ms)

Prepare: number of updated asset objects reloaded= 0
========================================================================
Received Prepare
Refreshing native plugins compatible for Editor in 3.07 ms, found 3 plugins.
Preloading 0 native plugins for Editor in 0.00 ms.
Unloading 13 Unused Serialized files (Serialized files now loaded: 0)
Unloading 6433 unused Assets / (4.2 MB). Loaded Objects now: 7187.
Memory consumption went from 160.8 MB to 156.6 MB.
Total: 13.298200 ms (FindLiveObjects: 1.193400 ms CreateObjectMapping: 1.231600 ms MarkObjects: 7.509600 ms  DeleteObjects: 3.361200 ms)

Prepare: number of updated asset objects reloaded= 0
========================================================================
Received Prepare
Refreshing native plugins compatible for Editor in 2.96 ms, found 3 plugins.
Preloading 0 native plugins for Editor in 0.00 ms.
Unloading 13 Unused Serialized files (Serialized files now loaded: 0)
Unloading 6433 unused Assets / (4.3 MB). Loaded Objects now: 7187.
Memory consumption went from 160.8 MB to 156.5 MB.
Total: 12.062300 ms (FindLiveObjects: 1.037000 ms CreateObjectMapping: 0.827800 ms MarkObjects: 6.848000 ms  DeleteObjects: 3.347500 ms)

Prepare: number of updated asset objects reloaded= 0
========================================================================
Received Prepare
Refreshing native plugins compatible for Editor in 3.13 ms, found 3 plugins.
Preloading 0 native plugins for Editor in 0.00 ms.
Unloading 13 Unused Serialized files (Serialized files now loaded: 0)
Unloading 6433 unused Assets / (4.3 MB). Loaded Objects now: 7187.
Memory consumption went from 160.8 MB to 156.4 MB.
Total: 12.711100 ms (FindLiveObjects: 1.283500 ms CreateObjectMapping: 0.979200 ms MarkObjects: 7.033900 ms  DeleteObjects: 3.412300 ms)

Prepare: number of updated asset objects reloaded= 0
========================================================================
Received Prepare
Refreshing native plugins compatible for Editor in 2.85 ms, found 3 plugins.
Preloading 0 native plugins for Editor in 0.00 ms.
Unloading 13 Unused Serialized files (Serialized files now loaded: 0)
Unloading 6433 unused Assets / (4.3 MB). Loaded Objects now: 7187.
Memory consumption went from 160.8 MB to 156.4 MB.
Total: 13.399700 ms (FindLiveObjects: 1.014400 ms CreateObjectMapping: 0.773200 ms MarkObjects: 7.585600 ms  DeleteObjects: 4.024600 ms)

Prepare: number of updated asset objects reloaded= 0
========================================================================
Received Prepare
Refreshing native plugins compatible for Editor in 2.23 ms, found 3 plugins.
Preloading 0 native plugins for Editor in 0.00 ms.
Unloading 13 Unused Serialized files (Serialized files now loaded: 0)
Unloading 6433 unused Assets / (4.6 MB). Loaded Objects now: 7187.
Memory consumption went from 160.8 MB to 156.2 MB.
Total: 13.443300 ms (FindLiveObjects: 1.165000 ms CreateObjectMapping: 0.931100 ms MarkObjects: 7.472100 ms  DeleteObjects: 3.872500 ms)

Prepare: number of updated asset objects reloaded= 0
========================================================================
Received Prepare
Refreshing native plugins compatible for Editor in 3.42 ms, found 3 plugins.
Preloading 0 native plugins for Editor in 0.00 ms.
Unloading 13 Unused Serialized files (Serialized files now loaded: 0)
Unloading 6433 unused Assets / (4.6 MB). Loaded Objects now: 7187.
Memory consumption went from 160.8 MB to 156.2 MB.
Total: 13.397000 ms (FindLiveObjects: 1.370500 ms CreateObjectMapping: 1.016000 ms MarkObjects: 6.321700 ms  DeleteObjects: 4.686800 ms)

Prepare: number of updated asset objects reloaded= 0
========================================================================
Received Prepare
Refreshing native plugins compatible for Editor in 3.11 ms, found 3 plugins.
Preloading 0 native plugins for Editor in 0.00 ms.
Unloading 13 Unused Serialized files (Serialized files now loaded: 0)
Unloading 6433 unused Assets / (4.3 MB). Loaded Objects now: 7187.
Memory consumption went from 160.8 MB to 156.5 MB.
Total: 13.499400 ms (FindLiveObjects: 1.337000 ms CreateObjectMapping: 1.203900 ms MarkObjects: 7.531000 ms  DeleteObjects: 3.425700 ms)

Prepare: number of updated asset objects reloaded= 0
========================================================================
Received Import Request.
  Time since last request: 221.355928 seconds.
  path: Assets/Scripts/CatMover.cs
  artifactKey: Guid(8eaf054cc4896e74f8569ad1c9b9bb17) Importer(815301076,1909f56bfc062723c751e8b465ee728b)
Start importing Assets/Scripts/CatMover.cs using Guid(8eaf054cc4896e74f8569ad1c9b9bb17) Importer(815301076,1909f56bfc062723c751e8b465ee728b) (PreviewImporter) -> (artifact id: '16e4e44fc3be686fb134c13bc98d9eb9') in 0.9251825 seconds
Number of updated asset objects reloaded before import = 0Number of asset objects unloaded after import = 0

========================================================================
Received Prepare
Refreshing native plugins compatible for Editor in 2.90 ms, found 3 plugins.
Preloading 0 native plugins for Editor in 0.00 ms.
Unloading 13 Unused Serialized files (Serialized files now loaded: 0)
Unloading 6433 unused Assets / (4.4 MB). Loaded Objects now: 7187.
Memory consumption went from 160.8 MB to 156.4 MB.
Total: 13.066100 ms (FindLiveObjects: 1.191200 ms CreateObjectMapping: 0.906900 ms MarkObjects: 7.362400 ms  DeleteObjects: 3.603300 ms)

Prepare: number of updated asset objects reloaded= 0
========================================================================
Received Prepare
Refreshing native plugins compatible for Editor in 3.14 ms, found 3 plugins.
Preloading 0 native plugins for Editor in 0.00 ms.
Unloading 13 Unused Serialized files (Serialized files now loaded: 0)
Unloading 6433 unused Assets / (4.2 MB). Loaded Objects now: 7187.
Memory consumption went from 160.8 MB to 156.5 MB.
Total: 13.584000 ms (FindLiveObjects: 1.075400 ms CreateObjectMapping: 1.208300 ms MarkObjects: 7.964900 ms  DeleteObjects: 3.333300 ms)

Prepare: number of updated asset objects reloaded= 0
========================================================================
Received Prepare
Refreshing native plugins compatible for Editor in 3.27 ms, found 3 plugins.
Preloading 0 native plugins for Editor in 0.00 ms.
Unloading 13 Unused Serialized files (Serialized files now loaded: 0)
Unloading 6433 unused Assets / (4.1 MB). Loaded Objects now: 7187.
Memory consumption went from 160.8 MB to 156.7 MB.
Total: 13.448700 ms (FindLiveObjects: 1.199800 ms CreateObjectMapping: 0.875100 ms MarkObjects: 8.214800 ms  DeleteObjects: 3.156300 ms)

Prepare: number of updated asset objects reloaded= 0
========================================================================
Received Prepare
Refreshing native plugins compatible for Editor in 2.88 ms, found 3 plugins.
Preloading 0 native plugins for Editor in 0.00 ms.
Unloading 13 Unused Serialized files (Serialized files now loaded: 0)
Unloading 6433 unused Assets / (4.3 MB). Loaded Objects now: 7187.
Memory consumption went from 160.8 MB to 156.5 MB.
Total: 14.076200 ms (FindLiveObjects: 1.196500 ms CreateObjectMapping: 1.560300 ms MarkObjects: 8.057100 ms  DeleteObjects: 3.260200 ms)

Prepare: number of updated asset objects reloaded= 0
========================================================================
Received Prepare
Refreshing native plugins compatible for Editor in 3.48 ms, found 3 plugins.
Preloading 0 native plugins for Editor in 0.00 ms.
Unloading 13 Unused Serialized files (Serialized files now loaded: 0)
Unloading 6433 unused Assets / (4.2 MB). Loaded Objects now: 7187.
Memory consumption went from 160.8 MB to 156.6 MB.
Total: 12.914700 ms (FindLiveObjects: 1.476300 ms CreateObjectMapping: 0.920200 ms MarkObjects: 7.244900 ms  DeleteObjects: 3.271600 ms)

Prepare: number of updated asset objects reloaded= 0
========================================================================
Received Prepare
Refreshing native plugins compatible for Editor in 2.21 ms, found 3 plugins.
Preloading 0 native plugins for Editor in 0.00 ms.
Unloading 13 Unused Serialized files (Serialized files now loaded: 0)
Unloading 6433 unused Assets / (4.6 MB). Loaded Objects now: 7187.
Memory consumption went from 160.8 MB to 156.2 MB.
Total: 13.792400 ms (FindLiveObjects: 1.015900 ms CreateObjectMapping: 0.861900 ms MarkObjects: 8.186600 ms  DeleteObjects: 3.725500 ms)

Prepare: number of updated asset objects reloaded= 0
========================================================================
Received Prepare
Refreshing native plugins compatible for Editor in 3.64 ms, found 3 plugins.
Preloading 0 native plugins for Editor in 0.00 ms.
Unloading 13 Unused Serialized files (Serialized files now loaded: 0)
Unloading 6433 unused Assets / (4.3 MB). Loaded Objects now: 7187.
Memory consumption went from 160.8 MB to 156.5 MB.
Total: 14.220800 ms (FindLiveObjects: 1.364700 ms CreateObjectMapping: 1.182400 ms MarkObjects: 8.129500 ms  DeleteObjects: 3.541800 ms)

Prepare: number of updated asset objects reloaded= 0
========================================================================
Received Prepare
Refreshing native plugins compatible for Editor in 2.62 ms, found 3 plugins.
Preloading 0 native plugins for Editor in 0.00 ms.
Unloading 13 Unused Serialized files (Serialized files now loaded: 0)
Unloading 6433 unused Assets / (4.7 MB). Loaded Objects now: 7187.
Memory consumption went from 160.8 MB to 156.1 MB.
Total: 13.180900 ms (FindLiveObjects: 0.913300 ms CreateObjectMapping: 0.899000 ms MarkObjects: 7.102600 ms  DeleteObjects: 4.264300 ms)

Prepare: number of updated asset objects reloaded= 0
========================================================================
Received Prepare
Refreshing native plugins compatible for Editor in 2.81 ms, found 3 plugins.
Preloading 0 native plugins for Editor in 0.00 ms.
Unloading 13 Unused Serialized files (Serialized files now loaded: 0)
Unloading 6433 unused Assets / (4.6 MB). Loaded Objects now: 7187.
Memory consumption went from 160.8 MB to 156.2 MB.
Total: 13.144000 ms (FindLiveObjects: 1.120300 ms CreateObjectMapping: 0.907100 ms MarkObjects: 7.602900 ms  DeleteObjects: 3.512200 ms)

Prepare: number of updated asset objects reloaded= 0
========================================================================
Received Prepare
Refreshing native plugins compatible for Editor in 2.90 ms, found 3 plugins.
Preloading 0 native plugins for Editor in 0.00 ms.
Unloading 13 Unused Serialized files (Serialized files now loaded: 0)
Unloading 6433 unused Assets / (4.3 MB). Loaded Objects now: 7187.
Memory consumption went from 160.8 MB to 156.5 MB.
Total: 12.382900 ms (FindLiveObjects: 1.182100 ms CreateObjectMapping: 0.683600 ms MarkObjects: 6.975300 ms  DeleteObjects: 3.540200 ms)

Prepare: number of updated asset objects reloaded= 0
========================================================================
Received Prepare
Begin MonoManager ReloadAssembly
[Licensing::Client] Successfully resolved entitlement details
[Licensing::Module] License group:
  Id: F4-YPMS-6VTS-JXCZ-TMR6-XXXX
  Product: Unity Personal
  Type: ULF
  Expiration: Unlimited
[Licensing::Module] License group:
  Id: 9071141991980-UnityPersXXXX
  Product: Unity Personal
  Type: Assigned
  Expiration: Unlimited
- Loaded All Assemblies, in  0.654 seconds
Refreshing native plugins compatible for Editor in 0.82 ms, found 3 plugins.
Native extension for Android target not found
Native extension for WindowsStandalone target not found
[Package Manager] Failed to launch server process. Reason: Unity was launched with the -noUpm command-line argument
[Package Manager] Unable to send message (not connected to server process).
[Package Manager] Cannot connect to Unity Package Manager local server
[Package Manager] Failed to launch server process. Reason: Unity was launched with the -noUpm command-line argument
[Package Manager] Unable to send message (not connected to server process).
[Package Manager] Cannot connect to Unity Package Manager local server
Mono: successfully reloaded assembly
- Finished resetting the current domain, in  0.640 seconds
Domain Reload Profiling: 1293ms
	BeginReloadAssembly (186ms)
		ExecutionOrderSort (0ms)
		DisableScriptedObjects (4ms)
		BackupInstance (0ms)
		ReleaseScriptingObjects (0ms)
		CreateAndSetChildDomain (41ms)
	RebuildCommonClasses (30ms)
	RebuildNativeTypeToScriptingClass (14ms)
	initialDomainReloadingComplete (27ms)
	LoadAllAssembliesAndSetupDomain (396ms)
		LoadAssemblies (319ms)
		RebuildTransferFunctionScriptingTraits (0ms)
		AnalyzeDomain (155ms)
			TypeCache.Refresh (9ms)
				TypeCache.ScanAssembly (0ms)
			BuildScriptInfoCaches (134ms)
			ResolveRequiredComponents (8ms)
	FinalizeReload (640ms)
		ReleaseScriptCaches (0ms)
		RebuildScriptCaches (0ms)
		SetupLoadedEditorAssemblies (500ms)
			LogAssemblyErrors (0ms)
			InitializePlatformSupportModulesInManaged (9ms)
			SetLoadedEditorAssemblies (6ms)
			BeforeProcessingInitializeOnLoad (133ms)
			ProcessInitializeOnLoadAttributes (291ms)
			ProcessInitializeOnLoadMethodAttributes (56ms)
			AfterProcessingInitializeOnLoad (5ms)
			EditorAssembliesLoaded (0ms)
		ExecutionOrderSort2 (0ms)
		AwakeInstancesAfterBackupRestoration (11ms)
Refreshing native plugins compatible for Editor in 1.46 ms, found 3 plugins.
Preloading 0 native plugins for Editor in 0.00 ms.
Unloading 13 Unused Serialized files (Serialized files now loaded: 0)
Unloading 6440 unused Assets / (4.6 MB). Loaded Objects now: 7190.
Memory consumption went from 160.6 MB to 156.0 MB.
Total: 10.986100 ms (FindLiveObjects: 0.857900 ms CreateObjectMapping: 0.888200 ms MarkObjects: 5.844000 ms  DeleteObjects: 3.394100 ms)

Prepare: number of updated asset objects reloaded= 0
========================================================================
Received Prepare
Begin MonoManager ReloadAssembly
- Loaded All Assemblies, in  0.683 seconds
Refreshing native plugins compatible for Editor in 0.88 ms, found 3 plugins.
Native extension for Android target not found
Native extension for WindowsStandalone target not found
[Package Manager] Failed to launch server process. Reason: Unity was launched with the -noUpm command-line argument
[Package Manager] Unable to send message (not connected to server process).
[Package Manager] Cannot connect to Unity Package Manager local server
[Package Manager] Failed to launch server process. Reason: Unity was launched with the -noUpm command-line argument
[Package Manager] Unable to send message (not connected to server process).
[Package Manager] Cannot connect to Unity Package Manager local server
Mono: successfully reloaded assembly
- Finished resetting the current domain, in  0.616 seconds
Domain Reload Profiling: 1298ms
	BeginReloadAssembly (173ms)
		ExecutionOrderSort (0ms)
		DisableScriptedObjects (5ms)
		BackupInstance (0ms)
		ReleaseScriptingObjects (0ms)
		CreateAndSetChildDomain (37ms)
	RebuildCommonClasses (28ms)
	RebuildNativeTypeToScriptingClass (10ms)
	initialDomainReloadingComplete (25ms)
	LoadAllAssembliesAndSetupDomain (445ms)
		LoadAssemblies (366ms)
		RebuildTransferFunctionScriptingTraits (0ms)
		AnalyzeDomain (158ms)
			TypeCache.Refresh (8ms)
				TypeCache.ScanAssembly (0ms)
			BuildScriptInfoCaches (138ms)
			ResolveRequiredComponents (9ms)
	FinalizeReload (616ms)
		ReleaseScriptCaches (0ms)
		RebuildScriptCaches (0ms)
		SetupLoadedEditorAssemblies (485ms)
			LogAssemblyErrors (0ms)
			InitializePlatformSupportModulesInManaged (9ms)
			SetLoadedEditorAssemblies (5ms)
			BeforeProcessingInitializeOnLoad (101ms)
			ProcessInitializeOnLoadAttributes (293ms)
			ProcessInitializeOnLoadMethodAttributes (68ms)
			AfterProcessingInitializeOnLoad (8ms)
			EditorAssembliesLoaded (0ms)
		ExecutionOrderSort2 (0ms)
		AwakeInstancesAfterBackupRestoration (15ms)
Refreshing native plugins compatible for Editor in 1.69 ms, found 3 plugins.
Preloading 0 native plugins for Editor in 0.00 ms.
Unloading 13 Unused Serialized files (Serialized files now loaded: 0)
Unloading 6440 unused Assets / (4.9 MB). Loaded Objects now: 7193.
Memory consumption went from 160.7 MB to 155.7 MB.
Total: 17.500600 ms (FindLiveObjects: 0.957400 ms CreateObjectMapping: 1.092200 ms MarkObjects: 9.756200 ms  DeleteObjects: 5.692700 ms)

Prepare: number of updated asset objects reloaded= 0
========================================================================
Received Prepare
Begin MonoManager ReloadAssembly
[Licensing::Client] Successfully resolved entitlement details
[Licensing::Module] License group:
  Id: F4-YPMS-6VTS-JXCZ-TMR6-XXXX
  Product: Unity Personal
  Type: ULF
  Expiration: Unlimited
[Licensing::Module] License group:
  Id: 9071141991980-UnityPersXXXX
  Product: Unity Personal
  Type: Assigned
  Expiration: Unlimited
- Loaded All Assemblies, in  0.636 seconds
Refreshing native plugins compatible for Editor in 0.74 ms, found 3 plugins.
Native extension for Android target not found
Native extension for WindowsStandalone target not found
[Package Manager] Failed to launch server process. Reason: Unity was launched with the -noUpm command-line argument
[Package Manager] Unable to send message (not connected to server process).
[Package Manager] Cannot connect to Unity Package Manager local server
[Package Manager] Failed to launch server process. Reason: Unity was launched with the -noUpm command-line argument
[Package Manager] Unable to send message (not connected to server process).
[Package Manager] Cannot connect to Unity Package Manager local server
Mono: successfully reloaded assembly
- Finished resetting the current domain, in  0.612 seconds
Domain Reload Profiling: 1246ms
	BeginReloadAssembly (179ms)
		ExecutionOrderSort (0ms)
		DisableScriptedObjects (5ms)
		BackupInstance (0ms)
		ReleaseScriptingObjects (0ms)
		CreateAndSetChildDomain (36ms)
	RebuildCommonClasses (27ms)
	RebuildNativeTypeToScriptingClass (10ms)
	initialDomainReloadingComplete (26ms)
	LoadAllAssembliesAndSetupDomain (392ms)
		LoadAssemblies (319ms)
		RebuildTransferFunctionScriptingTraits (0ms)
		AnalyzeDomain (149ms)
			TypeCache.Refresh (7ms)
				TypeCache.ScanAssembly (0ms)
			BuildScriptInfoCaches (129ms)
			ResolveRequiredComponents (9ms)
	FinalizeReload (612ms)
		ReleaseScriptCaches (0ms)
		RebuildScriptCaches (0ms)
		SetupLoadedEditorAssemblies (482ms)
			LogAssemblyErrors (0ms)
			InitializePlatformSupportModulesInManaged (10ms)
			SetLoadedEditorAssemblies (5ms)
			BeforeProcessingInitializeOnLoad (108ms)
			ProcessInitializeOnLoadAttributes (280ms)
			ProcessInitializeOnLoadMethodAttributes (72ms)
			AfterProcessingInitializeOnLoad (7ms)
			EditorAssembliesLoaded (1ms)
		ExecutionOrderSort2 (0ms)
		AwakeInstancesAfterBackupRestoration (15ms)
Refreshing native plugins compatible for Editor in 1.87 ms, found 3 plugins.
Preloading 0 native plugins for Editor in 0.00 ms.
Unloading 13 Unused Serialized files (Serialized files now loaded: 0)
Unloading 6440 unused Assets / (4.9 MB). Loaded Objects now: 7196.
Memory consumption went from 160.7 MB to 155.8 MB.
Total: 16.472800 ms (FindLiveObjects: 1.140000 ms CreateObjectMapping: 1.488400 ms MarkObjects: 7.785300 ms  DeleteObjects: 6.056600 ms)

Prepare: number of updated asset objects reloaded= 0
========================================================================
Received Prepare
Begin MonoManager ReloadAssembly
[Licensing::Client] Successfully resolved entitlement details
[Licensing::Module] License group:
  Id: F4-YPMS-6VTS-JXCZ-TMR6-XXXX
  Product: Unity Personal
  Type: ULF
  Expiration: Unlimited
[Licensing::Module] License group:
  Id: 9071141991980-UnityPersXXXX
  Product: Unity Personal
  Type: Assigned
  Expiration: Unlimited
- Loaded All Assemblies, in  0.645 seconds
Refreshing native plugins compatible for Editor in 0.89 ms, found 3 plugins.
Native extension for Android target not found
Native extension for WindowsStandalone target not found
[Package Manager] Failed to launch server process. Reason: Unity was launched with the -noUpm command-line argument
[Package Manager] Unable to send message (not connected to server process).
[Package Manager] Cannot connect to Unity Package Manager local server
[Package Manager] Failed to launch server process. Reason: Unity was launched with the -noUpm command-line argument
[Package Manager] Unable to send message (not connected to server process).
[Package Manager] Cannot connect to Unity Package Manager local server
Mono: successfully reloaded assembly
- Finished resetting the current domain, in  0.710 seconds
Domain Reload Profiling: 1353ms
	BeginReloadAssembly (174ms)
		ExecutionOrderSort (0ms)
		DisableScriptedObjects (5ms)
		BackupInstance (0ms)
		ReleaseScriptingObjects (0ms)
		CreateAndSetChildDomain (38ms)
	RebuildCommonClasses (29ms)
	RebuildNativeTypeToScriptingClass (10ms)
	initialDomainReloadingComplete (28ms)
	LoadAllAssembliesAndSetupDomain (402ms)
		LoadAssemblies (316ms)
		RebuildTransferFunctionScriptingTraits (0ms)
		AnalyzeDomain (159ms)
			TypeCache.Refresh (7ms)
				TypeCache.ScanAssembly (0ms)
			BuildScriptInfoCaches (138ms)
			ResolveRequiredComponents (9ms)
	FinalizeReload (711ms)
		ReleaseScriptCaches (0ms)
		RebuildScriptCaches (0ms)
		SetupLoadedEditorAssemblies (565ms)
			LogAssemblyErrors (0ms)
			InitializePlatformSupportModulesInManaged (10ms)
			SetLoadedEditorAssemblies (6ms)
			BeforeProcessingInitializeOnLoad (119ms)
			ProcessInitializeOnLoadAttributes (355ms)
			ProcessInitializeOnLoadMethodAttributes (68ms)
			AfterProcessingInitializeOnLoad (6ms)
			EditorAssembliesLoaded (0ms)
		ExecutionOrderSort2 (0ms)
		AwakeInstancesAfterBackupRestoration (15ms)
Refreshing native plugins compatible for Editor in 2.49 ms, found 3 plugins.
Preloading 0 native plugins for Editor in 0.00 ms.
Unloading 13 Unused Serialized files (Serialized files now loaded: 0)
Unloading 6440 unused Assets / (4.7 MB). Loaded Objects now: 7199.
Memory consumption went from 160.7 MB to 156.0 MB.
Total: 12.046500 ms (FindLiveObjects: 0.983100 ms CreateObjectMapping: 1.000700 ms MarkObjects: 6.273300 ms  DeleteObjects: 3.787100 ms)

Prepare: number of updated asset objects reloaded= 0
========================================================================
Received Prepare
Begin MonoManager ReloadAssembly
[Licensing::Client] Successfully resolved entitlement details
[Licensing::Module] License group:
  Id: F4-YPMS-6VTS-JXCZ-TMR6-XXXX
  Product: Unity Personal
  Type: ULF
  Expiration: Unlimited
[Licensing::Module] License group:
  Id: 9071141991980-UnityPersXXXX
  Product: Unity Personal
  Type: Assigned
  Expiration: Unlimited
- Loaded All Assemblies, in  0.622 seconds
Refreshing native plugins compatible for Editor in 0.79 ms, found 3 plugins.
Native extension for Android target not found
Native extension for WindowsStandalone target not found
[Package Manager] Failed to launch server process. Reason: Unity was launched with the -noUpm command-line argument
[Package Manager] Unable to send message (not connected to server process).
[Package Manager] Cannot connect to Unity Package Manager local server
[Package Manager] Failed to launch server process. Reason: Unity was launched with the -noUpm command-line argument
[Package Manager] Unable to send message (not connected to server process).
[Package Manager] Cannot connect to Unity Package Manager local server
Mono: successfully reloaded assembly
- Finished resetting the current domain, in  0.689 seconds
Domain Reload Profiling: 1310ms
	BeginReloadAssembly (166ms)
		ExecutionOrderSort (0ms)
		DisableScriptedObjects (6ms)
		BackupInstance (0ms)
		ReleaseScriptingObjects (0ms)
		CreateAndSetChildDomain (34ms)
	RebuildCommonClasses (27ms)
	RebuildNativeTypeToScriptingClass (10ms)
	initialDomainReloadingComplete (26ms)
	LoadAllAssembliesAndSetupDomain (391ms)
		LoadAssemblies (312ms)
		RebuildTransferFunctionScriptingTraits (0ms)
		AnalyzeDomain (150ms)
			TypeCache.Refresh (7ms)
				TypeCache.ScanAssembly (0ms)
			BuildScriptInfoCaches (131ms)
			ResolveRequiredComponents (8ms)
	FinalizeReload (690ms)
		ReleaseScriptCaches (0ms)
		RebuildScriptCaches (0ms)
		SetupLoadedEditorAssemblies (550ms)
			LogAssemblyErrors (0ms)
			InitializePlatformSupportModulesInManaged (10ms)
			SetLoadedEditorAssemblies (8ms)
			BeforeProcessingInitializeOnLoad (109ms)
			ProcessInitializeOnLoadAttributes (350ms)
			ProcessInitializeOnLoadMethodAttributes (66ms)
			AfterProcessingInitializeOnLoad (6ms)
			EditorAssembliesLoaded (0ms)
		ExecutionOrderSort2 (0ms)
		AwakeInstancesAfterBackupRestoration (14ms)
Refreshing native plugins compatible for Editor in 2.71 ms, found 3 plugins.
Preloading 0 native plugins for Editor in 0.00 ms.
Unloading 13 Unused Serialized files (Serialized files now loaded: 0)
Unloading 6440 unused Assets / (5.2 MB). Loaded Objects now: 7202.
Memory consumption went from 160.7 MB to 155.5 MB.
Total: 17.873300 ms (FindLiveObjects: 1.167900 ms CreateObjectMapping: 2.279600 ms MarkObjects: 7.014800 ms  DeleteObjects: 7.407900 ms)

Prepare: number of updated asset objects reloaded= 0
