[Licensing::Module] Trying to connect to existing licensing client channel...
Built from '6000.0/staging' branch; Version is '6000.0.62f1 (f99f05b3e950) revision 16359173'; Using compiler version '193933523'; Build Type 'Release'
OS: 'Windows 11  (10.0.26200) 64bit Enterprise' Language: 'en' Physical Memory: 16016 MB
BatchMode: 1, IsHumanControllingUs: 0, StartBugReporterOnCrash: 0, Is64bit: 1
Date: 2026-02-09T20:11:26Z
[Licensing::IpcConnector] Successfully connected to: "LicenseClient-20231351" at "2026-02-09T20:11:26.705116Z"

COMMAND LINE ARGUMENTS:
C:\Program Files\Unity\Hub\Editor\6000.0.62f1\Editor\Unity.exe
-adb2
-batchMode
-noUpm
-name
AssetImportWorker2
-projectPath
C:/Users/20231351/Documents/GitHub/Cat-Robotic-Assistant-Unity-Simulation
-logFile
Logs/AssetImportWorker2.log
-srvPort
61624
-licensingIpc
LicenseClient-20231351
-job-worker-count
9
-background-job-worker-count
8
-gc-helper-count
1
-name
AssetImport
Successfully changed project path to: C:/Users/20231351/Documents/GitHub/Cat-Robotic-Assistant-Unity-Simulation
C:/Users/20231351/Documents/GitHub/Cat-Robotic-Assistant-Unity-Simulation
[UnityMemory] Configuration Parameters - Can be set up in boot.config
    "memorysetup-bucket-allocator-granularity=16"
    "memorysetup-bucket-allocator-bucket-count=8"
    "memorysetup-bucket-allocator-block-size=33554432"
    "memorysetup-bucket-allocator-block-count=8"
    "memorysetup-main-allocator-block-size=16777216"
    "memorysetup-thread-allocator-block-size=16777216"
    "memorysetup-gfx-main-allocator-block-size=16777216"
    "memorysetup-gfx-thread-allocator-block-size=16777216"
    "memorysetup-cache-allocator-block-size=4194304"
    "memorysetup-typetree-allocator-block-size=2097152"
    "memorysetup-profiler-bucket-allocator-granularity=16"
    "memorysetup-profiler-bucket-allocator-bucket-count=8"
    "memorysetup-profiler-bucket-allocator-block-size=33554432"
    "memorysetup-profiler-bucket-allocator-block-count=8"
    "memorysetup-profiler-allocator-block-size=16777216"
    "memorysetup-profiler-editor-allocator-block-size=1048576"
    "memorysetup-temp-allocator-size-main=16777216"
    "memorysetup-job-temp-allocator-block-size=2097152"
    "memorysetup-job-temp-allocator-block-size-background=1048576"
    "memorysetup-job-temp-allocator-reduction-small-platforms=262144"
    "memorysetup-allocator-temp-initial-block-size-main=262144"
    "memorysetup-allocator-temp-initial-block-size-worker=262144"
    "memorysetup-temp-allocator-size-background-worker=32768"
    "memorysetup-temp-allocator-size-job-worker=262144"
    "memorysetup-temp-allocator-size-preload-manager=33554432"
    "memorysetup-temp-allocator-size-nav-mesh-worker=65536"
    "memorysetup-temp-allocator-size-audio-worker=65536"
    "memorysetup-temp-allocator-size-cloud-worker=32768"
    "memorysetup-temp-allocator-size-gi-baking-worker=262144"
    "memorysetup-temp-allocator-size-gi-baking-worker=262144"
    "memorysetup-temp-allocator-size-gi-baking-worker=262144"
    "memorysetup-temp-allocator-size-gi-baking-worker=262144"
    "memorysetup-temp-allocator-size-gi-baking-worker=262144"
    "memorysetup-temp-allocator-size-gfx=262144"
Player connection [17240]  Target information:

Player connection [17240]  * "[IP] 192.168.56.1 [Port] 0 [Flags] 2 [Guid] 1228007240 [EditorId] 1228007240 [Version] 1048832 [Id] WindowsEditor(7,S20231351) [Debug] 1 [PackageName] WindowsEditor [ProjectName] Editor" 

Player connection [17240]  * "[IP] 192.168.1.36 [Port] 0 [Flags] 2 [Guid] 1228007240 [EditorId] 1228007240 [Version] 1048832 [Id] WindowsEditor(7,S20231351) [Debug] 1 [PackageName] WindowsEditor [ProjectName] Editor" 

Player connection [17240] Host joined multi-casting on [225.0.0.222:54997]...
Player connection [17240] Host joined alternative multi-casting on [225.0.0.222:34997]...
JobSystem: Creating JobQueue using job-worker-count value 9
Input System module state changed to: Initialized.
[Physics::Module] Initialized fallback backend.
[Physics::Module] Id: 0xdecafbad
[Licensing::Client] Code 10 while verifying Licensing Client signature (process Id: 11684, path: "C:/Program Files/Unity Hub/UnityLicensingClient_V1/Unity.Licensing.Client.exe")
[Licensing::Module] LicensingClient has failed validation; ignoring
[Licensing::Client] Handshaking with LicensingClient:
  Version:                 1.17.3+a4e98f1
  Session Id:              48a74558b4aa4738ab397d19c903e626
  Correlation Id:          da39ef2c7f6ff79fcc01ef2041002d0b
  External correlation Id: 2643481516216835376
  Machine Id:              k/RkFSMiVZ8SHQr4NiN/DINruWw=
[Licensing::Module] Successfully connected to LicensingClient on channel: "LicenseClient-20231351" (connect: 0.00s, validation: 0.00s, handshake: 0.06s)
[Licensing::IpcConnector] Successfully connected to: "LicenseClient-20231351-notifications" at "2026-02-09T20:11:26.765356Z"
[Licensing::Module] Licensing Background thread has ended after 0.06s
Library Redirect Path: Library/
[Physics::Module] Selected backend.
[Physics::Module] Name: PhysX
[Physics::Module] Id: 0xf2b8ea05
[Physics::Module] SDK Version: 4.1.2
[Physics::Module] Integration Version: 1.0.0
[Physics::Module] Threading Mode: Multi-Threaded
Refreshing native plugins compatible for Editor in 3.78 ms, found 3 plugins.
Preloading 0 native plugins for Editor in 0.00 ms.
Initialize engine version: 6000.0.62f1 (f99f05b3e950)
[Subsystems] Discovering subsystems at path C:/Program Files/Unity/Hub/Editor/6000.0.62f1/Editor/Data/Resources/UnitySubsystems
[Subsystems] Discovering subsystems at path C:/Users/20231351/Documents/GitHub/Cat-Robotic-Assistant-Unity-Simulation/Assets
GfxDevice: creating device client; kGfxThreadingModeNonThreaded
Direct3D:
    Version:  Direct3D 11.0 [level 11.1]
    Renderer: NVIDIA RTX A1000 Laptop GPU (ID=0x25b9)
    Vendor:   NVIDIA
    VRAM:     3965 MB
    Driver:   32.0.15.7371
Initialize mono
Mono path[0] = 'C:/Program Files/Unity/Hub/Editor/6000.0.62f1/Editor/Data/Managed'
Mono path[1] = 'C:/Program Files/Unity/Hub/Editor/6000.0.62f1/Editor/Data/MonoBleedingEdge/lib/mono/unityjit-win32'
Mono config path = 'C:/Program Files/Unity/Hub/Editor/6000.0.62f1/Editor/Data/MonoBleedingEdge/etc'
Using monoOptions --debugger-agent=transport=dt_socket,embedding=1,server=y,suspend=n,address=127.0.0.1:56652
Begin MonoManager ReloadAssembly
Registering precompiled unity dll's ...
Register platform support module: C:/Program Files/Unity/Hub/Editor/6000.0.62f1/Editor/Data/PlaybackEngines/WindowsStandaloneSupport/UnityEditor.WindowsStandalone.Extensions.dll
[Licensing::Client] Successfully resolved entitlement details
[Licensing::Module] License group:
  Id: F4-YPMS-6VTS-JXCZ-TMR6-XXXX
  Product: Unity Personal
  Type: ULF
  Expiration: Unlimited
[Licensing::Module] License group:
  Id: 9071141991980-UnityPersXXXX
  Product: Unity Personal
  Type: Assigned
  Expiration: Unlimited
Register platform support module: C:/Program Files/Unity/Hub/Editor/6000.0.62f1/Editor/Data/PlaybackEngines/AndroidPlayer/UnityEditor.Android.Extensions.dll
Registered in 0.021252 seconds.
- Loaded All Assemblies, in  0.382 seconds
Native extension for Android target not found
Native extension for WindowsStandalone target not found
Mono: successfully reloaded assembly
- Finished resetting the current domain, in  0.368 seconds
Domain Reload Profiling: 747ms
	BeginReloadAssembly (123ms)
		ExecutionOrderSort (0ms)
		DisableScriptedObjects (0ms)
		BackupInstance (0ms)
		ReleaseScriptingObjects (0ms)
		CreateAndSetChildDomain (0ms)
	RebuildCommonClasses (30ms)
	RebuildNativeTypeToScriptingClass (9ms)
	initialDomainReloadingComplete (66ms)
	LoadAllAssembliesAndSetupDomain (150ms)
		LoadAssemblies (121ms)
		RebuildTransferFunctionScriptingTraits (0ms)
		AnalyzeDomain (146ms)
			TypeCache.Refresh (145ms)
				TypeCache.ScanAssembly (134ms)
			BuildScriptInfoCaches (0ms)
			ResolveRequiredComponents (0ms)
	FinalizeReload (369ms)
		ReleaseScriptCaches (0ms)
		RebuildScriptCaches (0ms)
		SetupLoadedEditorAssemblies (334ms)
			LogAssemblyErrors (0ms)
			InitializePlatformSupportModulesInManaged (70ms)
			SetLoadedEditorAssemblies (5ms)
			BeforeProcessingInitializeOnLoad (62ms)
			ProcessInitializeOnLoadAttributes (144ms)
			ProcessInitializeOnLoadMethodAttributes (54ms)
			AfterProcessingInitializeOnLoad (0ms)
			EditorAssembliesLoaded (0ms)
		ExecutionOrderSort2 (0ms)
		AwakeInstancesAfterBackupRestoration (0ms)
========================================================================
Worker process is ready to serve import requests
Import Worker Mode flag is 0x00
Begin MonoManager ReloadAssembly
[Licensing::Client] Successfully resolved entitlement details
[Licensing::Module] License group:
  Id: F4-YPMS-6VTS-JXCZ-TMR6-XXXX
  Product: Unity Personal
  Type: ULF
  Expiration: Unlimited
[Licensing::Module] License group:
  Id: 9071141991980-UnityPersXXXX
  Product: Unity Personal
  Type: Assigned
  Expiration: Unlimited
- Loaded All Assemblies, in  0.944 seconds
Refreshing native plugins compatible for Editor in 0.96 ms, found 3 plugins.
Native extension for Android target not found
Native extension for WindowsStandalone target not found
Package Manager log level set to [2]
[Package Manager] Failed to launch server process. Reason: Unity was launched with the -noUpm command-line argument
[Package Manager] Unable to send message (not connected to server process).
[Package Manager] Cannot connect to Unity Package Manager local server
Mono: successfully reloaded assembly
- Finished resetting the current domain, in  0.914 seconds
Domain Reload Profiling: 1852ms
	BeginReloadAssembly (185ms)
		ExecutionOrderSort (0ms)
		DisableScriptedObjects (7ms)
		BackupInstance (0ms)
		ReleaseScriptingObjects (0ms)
		CreateAndSetChildDomain (32ms)
	RebuildCommonClasses (38ms)
	RebuildNativeTypeToScriptingClass (10ms)
	initialDomainReloadingComplete (39ms)
	LoadAllAssembliesAndSetupDomain (666ms)
		LoadAssemblies (495ms)
		RebuildTransferFunctionScriptingTraits (0ms)
		AnalyzeDomain (268ms)
			TypeCache.Refresh (195ms)
				TypeCache.ScanAssembly (173ms)
			BuildScriptInfoCaches (55ms)
			ResolveRequiredComponents (11ms)
	FinalizeReload (914ms)
		ReleaseScriptCaches (0ms)
		RebuildScriptCaches (0ms)
		SetupLoadedEditorAssemblies (661ms)
			LogAssemblyErrors (0ms)
			InitializePlatformSupportModulesInManaged (12ms)
			SetLoadedEditorAssemblies (4ms)
			BeforeProcessingInitializeOnLoad (163ms)
			ProcessInitializeOnLoadAttributes (425ms)
			ProcessInitializeOnLoadMethodAttributes (51ms)
			AfterProcessingInitializeOnLoad (5ms)
			EditorAssembliesLoaded (0ms)
		ExecutionOrderSort2 (0ms)
		AwakeInstancesAfterBackupRestoration (6ms)
Launched and connected shader compiler UnityShaderCompiler.exe after 0.02 seconds
Refreshing native plugins compatible for Editor in 1.56 ms, found 3 plugins.
Preloading 0 native plugins for Editor in 0.00 ms.
Unloading 13 Unused Serialized files (Serialized files now loaded: 0)
Unloading 6117 unused Assets / (5.0 MB). Loaded Objects now: 6822.
Memory consumption went from 132.4 MB to 127.4 MB.
Total: 18.646800 ms (FindLiveObjects: 2.592200 ms CreateObjectMapping: 1.398200 ms MarkObjects: 8.398100 ms  DeleteObjects: 6.256400 ms)

========================================================================
Received Import Request.
  Time since last request: 2455.280134 seconds.
  path: Assets/Yuetility-Studios/YueDestructible/Models/Source/Bottle.fbx
  artifactKey: Guid(fe483ce2737970e49a313d7f68d83c8f) Importer(2089858483,192608db42251d675da83286b1cce702)
Start importing Assets/Yuetility-Studios/YueDestructible/Models/Source/Bottle.fbx using Guid(fe483ce2737970e49a313d7f68d83c8f) Importer(2089858483,192608db42251d675da83286b1cce702) (ScriptedImporter) -> (artifact id: 'e389e7741714ab3ecfc36532233e9af0') in 0.1996716 seconds
Number of updated asset objects reloaded before import = 0Number of asset objects unloaded after import = 9

========================================================================
Received Import Request.
  Time since last request: 0.000020 seconds.
  path: Assets/Yuetility-Studios/YueDestructible/Models/Textures/PlateNormal.png
  artifactKey: Guid(0122e8da38b0c414c8f64ca32aba4510) Importer(2089858483,192608db42251d675da83286b1cce702)
Start importing Assets/Yuetility-Studios/YueDestructible/Models/Textures/PlateNormal.png using Guid(0122e8da38b0c414c8f64ca32aba4510) Importer(2089858483,192608db42251d675da83286b1cce702) (ScriptedImporter) -> (artifact id: '8b5290b76e19a124d288c8d568050a35') in 0.0487261 seconds
Number of updated asset objects reloaded before import = 0Number of asset objects unloaded after import = 1

========================================================================
Received Import Request.
  Time since last request: 0.000025 seconds.
  path: Assets/Yuetility-Studios/YueDestructible/Models/Materials/DemoBlack.mat
  artifactKey: Guid(2060dac9a999fe248893eb9a1bf8e64a) Importer(2089858483,192608db42251d675da83286b1cce702)
Start importing Assets/Yuetility-Studios/YueDestructible/Models/Materials/DemoBlack.mat using Guid(2060dac9a999fe248893eb9a1bf8e64a) Importer(2089858483,192608db42251d675da83286b1cce702) (ScriptedImporter) -> (artifact id: '320e9eabad655015c1af091765c2f58b') in 0.0222338 seconds
Number of updated asset objects reloaded before import = 0Number of asset objects unloaded after import = 1

========================================================================
Received Import Request.
  Time since last request: 0.000015 seconds.
  path: Assets/Yuetility-Studios/YueDestructible/Prefabs/Plate.prefab
  artifactKey: Guid(7b263552a35e1f54880aa060bafa14e9) Importer(2089858483,192608db42251d675da83286b1cce702)
Start importing Assets/Yuetility-Studios/YueDestructible/Prefabs/Plate.prefab using Guid(7b263552a35e1f54880aa060bafa14e9) Importer(2089858483,192608db42251d675da83286b1cce702) (ScriptedImporter) -> (artifact id: '762450ada4da55a402ed8ad3018c0cc0') in 0.0483376 seconds
Number of updated asset objects reloaded before import = 0Number of asset objects unloaded after import = 106

========================================================================
Received Import Request.
  Time since last request: 0.000055 seconds.
  path: Assets/Yuetility-Studios/YueDestructible/Models/Source/PorcelainVase_Fragments.asset
  artifactKey: Guid(c9661266920492d42b0e87199d957c18) Importer(2089858483,192608db42251d675da83286b1cce702)
Start importing Assets/Yuetility-Studios/YueDestructible/Models/Source/PorcelainVase_Fragments.asset using Guid(c9661266920492d42b0e87199d957c18) Importer(2089858483,192608db42251d675da83286b1cce702) (ScriptedImporter) -> (artifact id: '8a6ff935a0648ec4114eaa5e16731665') in 0.0274907 seconds
Number of updated asset objects reloaded before import = 0Number of asset objects unloaded after import = 13

========================================================================
Received Import Request.
  Time since last request: 0.000015 seconds.
  path: Assets/Yuetility-Studios/YueDestructible/Audio/AudioClips/Gunshot/GunShot.wav
  artifactKey: Guid(f38561d9ce021b64f84d1c36b0b5c478) Importer(2089858483,192608db42251d675da83286b1cce702)
Start importing Assets/Yuetility-Studios/YueDestructible/Audio/AudioClips/Gunshot/GunShot.wav using Guid(f38561d9ce021b64f84d1c36b0b5c478) Importer(2089858483,192608db42251d675da83286b1cce702) (ScriptedImporter) -> (artifact id: 'c5575e42aaae0063c186496b382ad498') in 0.0236345 seconds
Number of updated asset objects reloaded before import = 0Number of asset objects unloaded after import = 1

========================================================================
Received Import Request.
  Time since last request: 0.000026 seconds.
  path: Assets/Yuetility-Studios/YueDestructible/Models/Source/Bottle_Fragments.asset
  artifactKey: Guid(13aa61c69e1989f4f8c8ce63c3024749) Importer(2089858483,192608db42251d675da83286b1cce702)
Start importing Assets/Yuetility-Studios/YueDestructible/Models/Source/Bottle_Fragments.asset using Guid(13aa61c69e1989f4f8c8ce63c3024749) Importer(2089858483,192608db42251d675da83286b1cce702) (ScriptedImporter) -> (artifact id: '462ab2bbb6d8e2d319324b3e36bd8f1d') in 0.0178439 seconds
Number of updated asset objects reloaded before import = 0Number of asset objects unloaded after import = 14

========================================================================
Received Import Request.
  Time since last request: 0.000015 seconds.
  path: Assets/Yuetility-Studios/YueDestructible/Models/Materials/WhineGlassMat.mat
  artifactKey: Guid(3008de621c83429489095877bc63da84) Importer(2089858483,192608db42251d675da83286b1cce702)
Start importing Assets/Yuetility-Studios/YueDestructible/Models/Materials/WhineGlassMat.mat using Guid(3008de621c83429489095877bc63da84) Importer(2089858483,192608db42251d675da83286b1cce702) (ScriptedImporter) -> (artifact id: '465e09bb0197bde7c4224d5fa6ea420a') in 0.0074205 seconds
Number of updated asset objects reloaded before import = 0Number of asset objects unloaded after import = 1

========================================================================
Received Import Request.
  Time since last request: 0.000014 seconds.
  path: Assets/Yuetility-Studios/YueDestructible/Models/Textures/PorcelainVaseNormal.png
  artifactKey: Guid(5f8be0a29c917dd4cacf6f99b073f283) Importer(2089858483,192608db42251d675da83286b1cce702)
Start importing Assets/Yuetility-Studios/YueDestructible/Models/Textures/PorcelainVaseNormal.png using Guid(5f8be0a29c917dd4cacf6f99b073f283) Importer(2089858483,192608db42251d675da83286b1cce702) (ScriptedImporter) -> (artifact id: 'ddc1ab00c947506e0b191f2b7a171bbf') in 0.0125957 seconds
Number of updated asset objects reloaded before import = 0Number of asset objects unloaded after import = 1

========================================================================
Received Import Request.
  Time since last request: 0.000012 seconds.
  path: Assets/Yuetility-Studios/YueDestructible/Models/Source/plate.fbx
  artifactKey: Guid(9a886751d98d3994697bdbb17dee3af6) Importer(2089858483,192608db42251d675da83286b1cce702)
Start importing Assets/Yuetility-Studios/YueDestructible/Models/Source/plate.fbx using Guid(9a886751d98d3994697bdbb17dee3af6) Importer(2089858483,192608db42251d675da83286b1cce702) (ScriptedImporter) -> (artifact id: 'c4fd15d4253497d8726019eafaaf792b') in 0.0094648 seconds
Number of updated asset objects reloaded before import = 0Number of asset objects unloaded after import = 8

Editor requested this worker to shutdown with reason: Scaling down because of idle timeout
AssetImportWorkerClient::OnTransportError - code=2 error=End of file
AssetImportWorker is now disconnected from the server
Process exiting
Exiting without the bug reporter. Application will terminate with return code 0